<?xml version="1.0" encoding="UTF-8"?>
<coverage generated="1536199186760" clover="3.2.0">
  <project timestamp="1536199186760" name="All files">
    <metrics statements="173" coveredstatements="95" conditionals="329" coveredconditionals="154" methods="79" coveredmethods="29" elements="581" coveredelements="278" complexity="0" loc="173" ncloc="173" packages="7" files="9" classes="9">
      <package name="src">
        <metrics statements="20" coveredstatements="18" conditionals="56" coveredconditionals="27" methods="6" coveredmethods="6"/>
        <file name="app.controller.ts" path="C:\Users\Usuario\nestjs-workshop-2018\src\app.controller.ts">
          <metrics statements="12" coveredstatements="11" conditionals="34" coveredconditionals="20" methods="4" coveredmethods="4"/>
          <line num="1" count="1" type="cond" truecount="2" falsecount="1"/>
          <line num="2" count="2" type="cond" truecount="3" falsecount="1"/>
          <line num="3" count="2" type="cond" truecount="3" falsecount="1"/>
          <line num="4" count="0" type="cond" truecount="0" falsecount="8"/>
          <line num="5" count="2" type="cond" truecount="3" falsecount="0"/>
          <line num="7" count="1" type="cond" truecount="2" falsecount="1"/>
          <line num="8" count="4" type="cond" truecount="3" falsecount="1"/>
          <line num="13" count="1" type="stmt"/>
          <line num="15" count="1" type="stmt"/>
          <line num="18" count="1" type="stmt"/>
          <line num="21" count="1" type="stmt"/>
          <line num="27" count="1" type="stmt"/>
        </file>
        <file name="app.service.ts" path="C:\Users\Usuario\nestjs-workshop-2018\src\app.service.ts">
          <metrics statements="8" coveredstatements="7" conditionals="22" coveredconditionals="7" methods="2" coveredmethods="2"/>
          <line num="1" count="1" type="cond" truecount="2" falsecount="1"/>
          <line num="2" count="1" type="cond" truecount="1" falsecount="3"/>
          <line num="3" count="1" type="cond" truecount="3" falsecount="1"/>
          <line num="4" count="0" type="cond" truecount="0" falsecount="8"/>
          <line num="5" count="1" type="cond" truecount="1" falsecount="2"/>
          <line num="8" count="1" type="stmt"/>
          <line num="10" count="1" type="stmt"/>
          <line num="13" count="1" type="stmt"/>
        </file>
      </package>
      <package name="src.note">
        <metrics statements="32" coveredstatements="11" conditionals="51" coveredconditionals="23" methods="13" coveredmethods="4"/>
        <file name="note.service.ts" path="C:\Users\Usuario\nestjs-workshop-2018\src\note\note.service.ts">
          <metrics statements="32" coveredstatements="11" conditionals="51" coveredconditionals="23" methods="13" coveredmethods="4"/>
          <line num="1" count="1" type="cond" truecount="2" falsecount="1"/>
          <line num="2" count="1" type="cond" truecount="1" falsecount="3"/>
          <line num="3" count="1" type="cond" truecount="3" falsecount="1"/>
          <line num="4" count="0" type="cond" truecount="0" falsecount="8"/>
          <line num="5" count="1" type="cond" truecount="1" falsecount="2"/>
          <line num="7" count="1" type="cond" truecount="2" falsecount="1"/>
          <line num="8" count="1" type="cond" truecount="3" falsecount="1"/>
          <line num="10" count="1" type="cond" truecount="2" falsecount="1"/>
          <line num="11" count="1" type="stmt"/>
          <line num="13" count="1" type="cond" truecount="2" falsecount="1"/>
          <line num="14" count="0" type="cond" truecount="0" falsecount="2"/>
          <line num="15" count="0" type="stmt"/>
          <line num="16" count="0" type="stmt"/>
          <line num="17" count="0" type="cond" truecount="0" falsecount="2"/>
          <line num="18" count="0" type="cond" truecount="0" falsecount="2"/>
          <line num="28" count="1" type="stmt"/>
          <line num="30" count="0" type="stmt"/>
          <line num="31" count="0" type="stmt"/>
          <line num="32" count="0" type="stmt"/>
          <line num="33" count="0" type="stmt"/>
          <line num="34" count="0" type="stmt"/>
          <line num="37" count="0" type="stmt"/>
          <line num="38" count="0" type="stmt"/>
          <line num="39" count="0" type="stmt"/>
          <line num="40" count="0" type="stmt"/>
          <line num="41" count="0" type="stmt"/>
          <line num="42" count="0" type="stmt"/>
          <line num="43" count="0" type="stmt"/>
          <line num="44" count="0" type="stmt"/>
          <line num="45" count="0" type="stmt"/>
          <line num="48" count="0" type="stmt"/>
          <line num="53" count="1" type="stmt"/>
        </file>
      </package>
      <package name="src.note.models">
        <metrics statements="13" coveredstatements="12" conditionals="39" coveredconditionals="22" methods="4" coveredmethods="4"/>
        <file name="note.model.ts" path="C:\Users\Usuario\nestjs-workshop-2018\src\note\models\note.model.ts">
          <metrics statements="13" coveredstatements="12" conditionals="39" coveredconditionals="22" methods="4" coveredmethods="4"/>
          <line num="1" count="1" type="cond" truecount="2" falsecount="1"/>
          <line num="2" count="4" type="cond" truecount="2" falsecount="2"/>
          <line num="3" count="4" type="cond" truecount="3" falsecount="1"/>
          <line num="4" count="0" type="cond" truecount="0" falsecount="8"/>
          <line num="5" count="4" type="cond" truecount="2" falsecount="1"/>
          <line num="7" count="1" type="cond" truecount="2" falsecount="1"/>
          <line num="8" count="4" type="cond" truecount="3" falsecount="1"/>
          <line num="15" count="1" type="stmt"/>
          <line num="18" count="1" type="stmt"/>
          <line num="21" count="1" type="stmt"/>
          <line num="25" count="1" type="stmt"/>
          <line num="29" count="1" type="stmt"/>
          <line num="33" count="1" type="stmt"/>
        </file>
      </package>
      <package name="src.shared">
        <metrics statements="44" coveredstatements="15" conditionals="74" coveredconditionals="33" methods="28" coveredmethods="2"/>
        <file name="base.model.ts" path="C:\Users\Usuario\nestjs-workshop-2018\src\shared\base.model.ts">
          <metrics statements="17" coveredstatements="14" conditionals="49" coveredconditionals="31" methods="3" coveredmethods="2"/>
          <line num="1" count="2" type="cond" truecount="2" falsecount="1"/>
          <line num="2" count="12" type="cond" truecount="3" falsecount="1"/>
          <line num="3" count="12" type="cond" truecount="3" falsecount="1"/>
          <line num="4" count="0" type="cond" truecount="0" falsecount="8"/>
          <line num="5" count="12" type="cond" truecount="2" falsecount="1"/>
          <line num="7" count="2" type="cond" truecount="2" falsecount="1"/>
          <line num="8" count="10" type="cond" truecount="3" falsecount="1"/>
          <line num="13" count="2" type="stmt"/>
          <line num="15" count="2" type="stmt"/>
          <line num="19" count="2" type="stmt"/>
          <line num="23" count="2" type="stmt"/>
          <line num="25" count="0" type="stmt"/>
          <line num="26" count="0" type="stmt"/>
          <line num="32" count="2" type="stmt"/>
          <line num="36" count="2" type="stmt"/>
          <line num="40" count="2" type="stmt"/>
          <line num="44" count="2" type="stmt"/>
        </file>
        <file name="base.service.ts" path="C:\Users\Usuario\nestjs-workshop-2018\src\shared\base.service.ts">
          <metrics statements="27" coveredstatements="1" conditionals="25" coveredconditionals="2" methods="25" coveredmethods="0"/>
          <line num="1" count="2" type="cond" truecount="2" falsecount="1"/>
          <line num="2" count="0" type="cond" truecount="0" falsecount="2"/>
          <line num="3" count="0" type="stmt"/>
          <line num="4" count="0" type="stmt"/>
          <line num="5" count="0" type="cond" truecount="0" falsecount="2"/>
          <line num="6" count="0" type="cond" truecount="0" falsecount="2"/>
          <line num="13" count="0" type="stmt"/>
          <line num="16" count="0" type="stmt"/>
          <line num="19" count="0" type="stmt"/>
          <line num="20" count="0" type="cond" truecount="0" falsecount="6"/>
          <line num="21" count="0" type="cond" truecount="0" falsecount="6"/>
          <line num="22" count="0" type="stmt"/>
          <line num="26" count="0" type="stmt"/>
          <line num="27" count="0" type="stmt"/>
          <line num="31" count="0" type="stmt"/>
          <line num="32" count="0" type="stmt"/>
          <line num="36" count="0" type="stmt"/>
          <line num="37" count="0" type="stmt"/>
          <line num="41" count="0" type="stmt"/>
          <line num="42" count="0" type="stmt"/>
          <line num="46" count="0" type="stmt"/>
          <line num="47" count="0" type="stmt"/>
          <line num="51" count="0" type="stmt"/>
          <line num="52" count="0" type="stmt"/>
          <line num="56" count="0" type="stmt"/>
          <line num="57" count="0" type="stmt"/>
          <line num="61" count="0" type="stmt"/>
        </file>
      </package>
      <package name="src.shared.mapper">
        <metrics statements="19" coveredstatements="16" conditionals="29" coveredconditionals="12" methods="11" coveredmethods="5"/>
        <file name="mapper.service.ts" path="C:\Users\Usuario\nestjs-workshop-2018\src\shared\mapper\mapper.service.ts">
          <metrics statements="19" coveredstatements="16" conditionals="29" coveredconditionals="12" methods="11" coveredmethods="5"/>
          <line num="1" count="3" type="cond" truecount="2" falsecount="1"/>
          <line num="2" count="3" type="cond" truecount="1" falsecount="3"/>
          <line num="3" count="3" type="cond" truecount="3" falsecount="1"/>
          <line num="4" count="0" type="cond" truecount="0" falsecount="8"/>
          <line num="5" count="3" type="cond" truecount="1" falsecount="2"/>
          <line num="7" count="3" type="cond" truecount="2" falsecount="1"/>
          <line num="8" count="3" type="cond" truecount="3" falsecount="1"/>
          <line num="13" count="3" type="stmt"/>
          <line num="15" count="1" type="stmt"/>
          <line num="16" count="1" type="stmt"/>
          <line num="19" count="1" type="stmt"/>
          <line num="22" count="1" type="stmt"/>
          <line num="23" count="0" type="stmt"/>
          <line num="24" count="0" type="stmt"/>
          <line num="25" count="1" type="stmt"/>
          <line num="26" count="1" type="stmt"/>
          <line num="27" count="1" type="stmt"/>
          <line num="28" count="1" type="stmt"/>
          <line num="31" count="3" type="stmt"/>
        </file>
      </package>
      <package name="src.users">
        <metrics statements="32" coveredstatements="11" conditionals="51" coveredconditionals="23" methods="13" coveredmethods="4"/>
        <file name="users.service.ts" path="C:\Users\Usuario\nestjs-workshop-2018\src\users\users.service.ts">
          <metrics statements="32" coveredstatements="11" conditionals="51" coveredconditionals="23" methods="13" coveredmethods="4"/>
          <line num="1" count="1" type="cond" truecount="2" falsecount="1"/>
          <line num="2" count="1" type="cond" truecount="1" falsecount="3"/>
          <line num="3" count="1" type="cond" truecount="3" falsecount="1"/>
          <line num="4" count="0" type="cond" truecount="0" falsecount="8"/>
          <line num="5" count="1" type="cond" truecount="1" falsecount="2"/>
          <line num="7" count="1" type="cond" truecount="2" falsecount="1"/>
          <line num="8" count="1" type="cond" truecount="3" falsecount="1"/>
          <line num="10" count="1" type="cond" truecount="2" falsecount="1"/>
          <line num="11" count="1" type="stmt"/>
          <line num="13" count="1" type="cond" truecount="2" falsecount="1"/>
          <line num="14" count="0" type="cond" truecount="0" falsecount="2"/>
          <line num="15" count="0" type="stmt"/>
          <line num="16" count="0" type="stmt"/>
          <line num="17" count="0" type="cond" truecount="0" falsecount="2"/>
          <line num="18" count="0" type="cond" truecount="0" falsecount="2"/>
          <line num="28" count="1" type="stmt"/>
          <line num="30" count="0" type="stmt"/>
          <line num="31" count="0" type="stmt"/>
          <line num="32" count="0" type="stmt"/>
          <line num="33" count="0" type="stmt"/>
          <line num="34" count="0" type="stmt"/>
          <line num="37" count="0" type="stmt"/>
          <line num="38" count="0" type="stmt"/>
          <line num="39" count="0" type="stmt"/>
          <line num="40" count="0" type="stmt"/>
          <line num="41" count="0" type="stmt"/>
          <line num="42" count="0" type="stmt"/>
          <line num="43" count="0" type="stmt"/>
          <line num="44" count="0" type="stmt"/>
          <line num="45" count="0" type="stmt"/>
          <line num="48" count="0" type="stmt"/>
          <line num="53" count="1" type="stmt"/>
        </file>
      </package>
      <package name="src.users.models">
        <metrics statements="13" coveredstatements="12" conditionals="29" coveredconditionals="14" methods="4" coveredmethods="4"/>
        <file name="users.model.ts" path="C:\Users\Usuario\nestjs-workshop-2018\src\users\models\users.model.ts">
          <metrics statements="13" coveredstatements="12" conditionals="29" coveredconditionals="14" methods="4" coveredmethods="4"/>
          <line num="1" count="1" type="cond" truecount="2" falsecount="1"/>
          <line num="2" count="4" type="cond" truecount="2" falsecount="2"/>
          <line num="3" count="4" type="cond" truecount="3" falsecount="1"/>
          <line num="4" count="0" type="cond" truecount="0" falsecount="8"/>
          <line num="5" count="4" type="cond" truecount="2" falsecount="1"/>
          <line num="7" count="1" type="cond" truecount="2" falsecount="1"/>
          <line num="8" count="4" type="cond" truecount="3" falsecount="1"/>
          <line num="14" count="1" type="stmt"/>
          <line num="17" count="1" type="stmt"/>
          <line num="20" count="1" type="stmt"/>
          <line num="24" count="1" type="stmt"/>
          <line num="28" count="1" type="stmt"/>
          <line num="32" count="1" type="stmt"/>
        </file>
      </package>
    </metrics>
  </project>
</coverage>
