{"C:\\Users\\Usuario\\nestjs-workshop-2018\\src\\app.controller.ts": {"path":"C:\\Users\\Usuario\\nestjs-workshop-2018\\src\\app.controller.ts","statementMap":{"0":{"start":{"line":1,"column":17},"end":{"line":6,"column":1}},"1":{"start":{"line":2,"column":12},"end":{"line":2,"column":28}},"2":{"start":{"line":2,"column":34},"end":{"line":2,"column":125}},"3":{"start":{"line":3,"column":4},"end":{"line":4,"column":150}},"4":{"start":{"line":3,"column":79},"end":{"line":3,"column":131}},"5":{"start":{"line":4,"column":9},"end":{"line":4,"column":150}},"6":{"start":{"line":4,"column":58},"end":{"line":4,"column":150}},"7":{"start":{"line":4,"column":81},"end":{"line":4,"column":150}},"8":{"start":{"line":5,"column":4},"end":{"line":5,"column":66}},"9":{"start":{"line":7,"column":17},"end":{"line":9,"column":1}},"10":{"start":{"line":8,"column":4},"end":{"line":8,"column":109}},"11":{"start":{"line":8,"column":79},"end":{"line":8,"column":109}},"12":{"start":{"line":13,"column":20},"end":{"line":20,"column":1}},"13":{"start":{"line":15,"column":8},"end":{"line":15,"column":37}},"14":{"start":{"line":18,"column":8},"end":{"line":18,"column":38}},"15":{"start":{"line":21,"column":0},"end":{"line":26,"column":42}},"16":{"start":{"line":27,"column":0},"end":{"line":30,"column":18}}},"fnMap":{"0":{"name":"(anonymous_0)","decl":{"start":{"line":1,"column":46},"end":{"line":1,"column":47}},"loc":{"start":{"line":1,"column":87},"end":{"line":6,"column":1}},"line":1},"1":{"name":"(anonymous_1)","decl":{"start":{"line":7,"column":46},"end":{"line":7,"column":47}},"loc":{"start":{"line":7,"column":62},"end":{"line":9,"column":1}},"line":7},"2":{"name":"(anonymous_2)","decl":{"start":{"line":14,"column":4},"end":{"line":14,"column":5}},"loc":{"start":{"line":14,"column":28},"end":{"line":16,"column":5}},"line":14},"3":{"name":"(anonymous_3)","decl":{"start":{"line":17,"column":4},"end":{"line":17,"column":5}},"loc":{"start":{"line":17,"column":11},"end":{"line":19,"column":5}},"line":17}},"branchMap":{"0":{"loc":{"start":{"line":1,"column":17},"end":{"line":6,"column":1}},"type":"binary-expr","locations":[{"start":{"line":1,"column":18},"end":{"line":1,"column":22}},{"start":{"line":1,"column":26},"end":{"line":1,"column":41}},{"start":{"line":1,"column":46},"end":{"line":6,"column":1}}],"line":1},"1":{"loc":{"start":{"line":2,"column":34},"end":{"line":2,"column":125}},"type":"cond-expr","locations":[{"start":{"line":2,"column":42},"end":{"line":2,"column":48}},{"start":{"line":2,"column":51},"end":{"line":2,"column":125}}],"line":2},"2":{"loc":{"start":{"line":2,"column":51},"end":{"line":2,"column":125}},"type":"cond-expr","locations":[{"start":{"line":2,"column":67},"end":{"line":2,"column":118}},{"start":{"line":2,"column":121},"end":{"line":2,"column":125}}],"line":2},"3":{"loc":{"start":{"line":3,"column":4},"end":{"line":4,"column":150}},"type":"if","locations":[{"start":{"line":3,"column":4},"end":{"line":4,"column":150}},{"start":{"line":3,"column":4},"end":{"line":4,"column":150}}],"line":3},"4":{"loc":{"start":{"line":3,"column":8},"end":{"line":3,"column":77}},"type":"binary-expr","locations":[{"start":{"line":3,"column":8},"end":{"line":3,"column":35}},{"start":{"line":3,"column":39},"end":{"line":3,"column":77}}],"line":3},"5":{"loc":{"start":{"line":4,"column":58},"end":{"line":4,"column":150}},"type":"if","locations":[{"start":{"line":4,"column":58},"end":{"line":4,"column":150}},{"start":{"line":4,"column":58},"end":{"line":4,"column":150}}],"line":4},"6":{"loc":{"start":{"line":4,"column":85},"end":{"line":4,"column":149}},"type":"binary-expr","locations":[{"start":{"line":4,"column":86},"end":{"line":4,"column":143}},{"start":{"line":4,"column":148},"end":{"line":4,"column":149}}],"line":4},"7":{"loc":{"start":{"line":4,"column":86},"end":{"line":4,"column":143}},"type":"cond-expr","locations":[{"start":{"line":4,"column":94},"end":{"line":4,"column":98}},{"start":{"line":4,"column":101},"end":{"line":4,"column":143}}],"line":4},"8":{"loc":{"start":{"line":4,"column":101},"end":{"line":4,"column":143}},"type":"cond-expr","locations":[{"start":{"line":4,"column":109},"end":{"line":4,"column":126}},{"start":{"line":4,"column":129},"end":{"line":4,"column":143}}],"line":4},"9":{"loc":{"start":{"line":5,"column":11},"end":{"line":5,"column":62}},"type":"binary-expr","locations":[{"start":{"line":5,"column":11},"end":{"line":5,"column":16}},{"start":{"line":5,"column":20},"end":{"line":5,"column":21}},{"start":{"line":5,"column":25},"end":{"line":5,"column":62}}],"line":5},"10":{"loc":{"start":{"line":7,"column":17},"end":{"line":9,"column":1}},"type":"binary-expr","locations":[{"start":{"line":7,"column":18},"end":{"line":7,"column":22}},{"start":{"line":7,"column":26},"end":{"line":7,"column":41}},{"start":{"line":7,"column":46},"end":{"line":9,"column":1}}],"line":7},"11":{"loc":{"start":{"line":8,"column":4},"end":{"line":8,"column":109}},"type":"if","locations":[{"start":{"line":8,"column":4},"end":{"line":8,"column":109}},{"start":{"line":8,"column":4},"end":{"line":8,"column":109}}],"line":8},"12":{"loc":{"start":{"line":8,"column":8},"end":{"line":8,"column":77}},"type":"binary-expr","locations":[{"start":{"line":8,"column":8},"end":{"line":8,"column":35}},{"start":{"line":8,"column":39},"end":{"line":8,"column":77}}],"line":8},"13":{"loc":{"start":{"line":29,"column":37},"end":{"line":29,"column":129}},"type":"binary-expr","locations":[{"start":{"line":29,"column":37},"end":{"line":29,"column":113}},{"start":{"line":29,"column":117},"end":{"line":29,"column":119}},{"start":{"line":29,"column":123},"end":{"line":29,"column":129}}],"line":29},"14":{"loc":{"start":{"line":29,"column":50},"end":{"line":29,"column":97}},"type":"binary-expr","locations":[{"start":{"line":29,"column":50},"end":{"line":29,"column":83}},{"start":{"line":29,"column":87},"end":{"line":29,"column":97}}],"line":29}},"s":{"0":1,"1":2,"2":2,"3":2,"4":2,"5":0,"6":0,"7":0,"8":2,"9":1,"10":4,"11":4,"12":1,"13":1,"14":1,"15":1,"16":1},"f":{"0":2,"1":4,"2":1,"3":1},"b":{"0":[1,0,1],"1":[1,1],"2":[1,0],"3":[2,0],"4":[2,2],"5":[0,0],"6":[0,0],"7":[0,0],"8":[0,0],"9":[2,1,1],"10":[1,0,1],"11":[4,0],"12":[4,4],"13":[1,1,0],"14":[1,1]},"inputSourceMap":{"version":3,"file":"app.controller.js","sourceRoot":"","sources":["app.controller.ts"],"names":[],"mappings":";;;;;;;;;;AAAA,OAAO,EAAE,GAAG,EAAE,UAAU,EAAE,MAAM,gBAAgB,CAAC;AACjD,OAAO,EAAE,UAAU,EAAE,MAAM,eAAe,CAAC;AAG3C,IAAa,aAAa,GAA1B;IACE,YAA6B,UAAsB;QAAtB,eAAU,GAAV,UAAU,CAAY;IAAG,CAAC;IAKvD,IAAI;QACF,OAAO,IAAI,CAAC,UAAU,CAAC,IAAI,EAAE,CAAC;IAChC,CAAC;CACF,CAAA;AAHC;IADC,GAAG,EAAE;;;;yCAGL;AARU,aAAa;IADzB,UAAU,EAAE;yDAE8B,UAAU,oBAAV,UAAU;GADxC,aAAa,CASzB;SATY,aAAa","sourcesContent":["import { Get, Controller } from '@nestjs/common';\nimport { AppService } from './app.service';\n\n@Controller() // localhost:3000/root\nexport class AppController {\n  constructor(private readonly appService: AppService) {}\n\n  //_router.get('/hello');\n  // localhost:3000/root/hello\n  @Get()\n  root(): any {\n    return this.appService.root();\n  }\n}\n"]},"_coverageSchema":"332fd63041d2c1bcb487cc26dd0d5f7d97098a6c","hash":"90eb9a0b74cf1866bb231fc28616514f320a423c"}
,"C:\\Users\\Usuario\\nestjs-workshop-2018\\src\\app.service.ts": {"path":"C:\\Users\\Usuario\\nestjs-workshop-2018\\src\\app.service.ts","statementMap":{"0":{"start":{"line":1,"column":17},"end":{"line":6,"column":1}},"1":{"start":{"line":2,"column":12},"end":{"line":2,"column":28}},"2":{"start":{"line":2,"column":34},"end":{"line":2,"column":125}},"3":{"start":{"line":3,"column":4},"end":{"line":4,"column":150}},"4":{"start":{"line":3,"column":79},"end":{"line":3,"column":131}},"5":{"start":{"line":4,"column":9},"end":{"line":4,"column":150}},"6":{"start":{"line":4,"column":58},"end":{"line":4,"column":150}},"7":{"start":{"line":4,"column":81},"end":{"line":4,"column":150}},"8":{"start":{"line":5,"column":4},"end":{"line":5,"column":66}},"9":{"start":{"line":8,"column":17},"end":{"line":12,"column":1}},"10":{"start":{"line":10,"column":8},"end":{"line":10,"column":37}},"11":{"start":{"line":13,"column":0},"end":{"line":15,"column":15}}},"fnMap":{"0":{"name":"(anonymous_0)","decl":{"start":{"line":1,"column":46},"end":{"line":1,"column":47}},"loc":{"start":{"line":1,"column":87},"end":{"line":6,"column":1}},"line":1},"1":{"name":"(anonymous_1)","decl":{"start":{"line":9,"column":4},"end":{"line":9,"column":5}},"loc":{"start":{"line":9,"column":11},"end":{"line":11,"column":5}},"line":9}},"branchMap":{"0":{"loc":{"start":{"line":1,"column":17},"end":{"line":6,"column":1}},"type":"binary-expr","locations":[{"start":{"line":1,"column":18},"end":{"line":1,"column":22}},{"start":{"line":1,"column":26},"end":{"line":1,"column":41}},{"start":{"line":1,"column":46},"end":{"line":6,"column":1}}],"line":1},"1":{"loc":{"start":{"line":2,"column":34},"end":{"line":2,"column":125}},"type":"cond-expr","locations":[{"start":{"line":2,"column":42},"end":{"line":2,"column":48}},{"start":{"line":2,"column":51},"end":{"line":2,"column":125}}],"line":2},"2":{"loc":{"start":{"line":2,"column":51},"end":{"line":2,"column":125}},"type":"cond-expr","locations":[{"start":{"line":2,"column":67},"end":{"line":2,"column":118}},{"start":{"line":2,"column":121},"end":{"line":2,"column":125}}],"line":2},"3":{"loc":{"start":{"line":3,"column":4},"end":{"line":4,"column":150}},"type":"if","locations":[{"start":{"line":3,"column":4},"end":{"line":4,"column":150}},{"start":{"line":3,"column":4},"end":{"line":4,"column":150}}],"line":3},"4":{"loc":{"start":{"line":3,"column":8},"end":{"line":3,"column":77}},"type":"binary-expr","locations":[{"start":{"line":3,"column":8},"end":{"line":3,"column":35}},{"start":{"line":3,"column":39},"end":{"line":3,"column":77}}],"line":3},"5":{"loc":{"start":{"line":4,"column":58},"end":{"line":4,"column":150}},"type":"if","locations":[{"start":{"line":4,"column":58},"end":{"line":4,"column":150}},{"start":{"line":4,"column":58},"end":{"line":4,"column":150}}],"line":4},"6":{"loc":{"start":{"line":4,"column":85},"end":{"line":4,"column":149}},"type":"binary-expr","locations":[{"start":{"line":4,"column":86},"end":{"line":4,"column":143}},{"start":{"line":4,"column":148},"end":{"line":4,"column":149}}],"line":4},"7":{"loc":{"start":{"line":4,"column":86},"end":{"line":4,"column":143}},"type":"cond-expr","locations":[{"start":{"line":4,"column":94},"end":{"line":4,"column":98}},{"start":{"line":4,"column":101},"end":{"line":4,"column":143}}],"line":4},"8":{"loc":{"start":{"line":4,"column":101},"end":{"line":4,"column":143}},"type":"cond-expr","locations":[{"start":{"line":4,"column":109},"end":{"line":4,"column":126}},{"start":{"line":4,"column":129},"end":{"line":4,"column":143}}],"line":4},"9":{"loc":{"start":{"line":5,"column":11},"end":{"line":5,"column":62}},"type":"binary-expr","locations":[{"start":{"line":5,"column":11},"end":{"line":5,"column":16}},{"start":{"line":5,"column":20},"end":{"line":5,"column":21}},{"start":{"line":5,"column":25},"end":{"line":5,"column":62}}],"line":5}},"s":{"0":1,"1":1,"2":1,"3":1,"4":1,"5":0,"6":0,"7":0,"8":1,"9":1,"10":1,"11":1},"f":{"0":1,"1":1},"b":{"0":[1,0,1],"1":[1,0],"2":[0,0],"3":[1,0],"4":[1,1],"5":[0,0],"6":[0,0],"7":[0,0],"8":[0,0],"9":[1,0,0]},"inputSourceMap":{"version":3,"file":"app.service.js","sourceRoot":"","sources":["app.service.ts"],"names":[],"mappings":";;;;;;AAAA,OAAO,EAAE,UAAU,EAAE,MAAM,gBAAgB,CAAC;AAG5C,IAAa,UAAU,GAAvB;IACE,IAAI;QACF,OAAO,EAAE,OAAO,EAAE,QAAQ,EAAE,CAAC;IAC/B,CAAC;CACF,CAAA;AAJY,UAAU;IADtB,UAAU,EAAE;GACA,UAAU,CAItB;SAJY,UAAU","sourcesContent":["import { Injectable } from '@nestjs/common';\n\n@Injectable()\nexport class AppService {\n  root(): any {\n    return { message: \"I'm ok\" };\n  }\n}\n"]},"_coverageSchema":"332fd63041d2c1bcb487cc26dd0d5f7d97098a6c","hash":"796f850f9d08081cfb1e3cb8c82be56bef5894c2"}
,"C:\\Users\\Usuario\\nestjs-workshop-2018\\src\\shared\\mapper\\mapper.service.ts": {"path":"C:\\Users\\Usuario\\nestjs-workshop-2018\\src\\shared\\mapper\\mapper.service.ts","statementMap":{"0":{"start":{"line":1,"column":17},"end":{"line":6,"column":1}},"1":{"start":{"line":2,"column":12},"end":{"line":2,"column":28}},"2":{"start":{"line":2,"column":34},"end":{"line":2,"column":125}},"3":{"start":{"line":3,"column":4},"end":{"line":4,"column":150}},"4":{"start":{"line":3,"column":79},"end":{"line":3,"column":131}},"5":{"start":{"line":4,"column":9},"end":{"line":4,"column":150}},"6":{"start":{"line":4,"column":58},"end":{"line":4,"column":150}},"7":{"start":{"line":4,"column":81},"end":{"line":4,"column":150}},"8":{"start":{"line":5,"column":4},"end":{"line":5,"column":66}},"9":{"start":{"line":7,"column":17},"end":{"line":9,"column":1}},"10":{"start":{"line":8,"column":4},"end":{"line":8,"column":109}},"11":{"start":{"line":8,"column":79},"end":{"line":8,"column":109}},"12":{"start":{"line":13,"column":20},"end":{"line":30,"column":1}},"13":{"start":{"line":15,"column":8},"end":{"line":15,"column":33}},"14":{"start":{"line":16,"column":8},"end":{"line":16,"column":32}},"15":{"start":{"line":19,"column":8},"end":{"line":19,"column":58}},"16":{"start":{"line":22,"column":8},"end":{"line":24,"column":64}},"17":{"start":{"line":23,"column":44},"end":{"line":23,"column":57}},"18":{"start":{"line":24,"column":49},"end":{"line":24,"column":62}},"19":{"start":{"line":25,"column":8},"end":{"line":25,"column":91}},"20":{"start":{"line":25,"column":76},"end":{"line":25,"column":89}},"21":{"start":{"line":26,"column":8},"end":{"line":26,"column":95}},"22":{"start":{"line":26,"column":80},"end":{"line":26,"column":93}},"23":{"start":{"line":27,"column":8},"end":{"line":27,"column":89}},"24":{"start":{"line":27,"column":74},"end":{"line":27,"column":87}},"25":{"start":{"line":28,"column":8},"end":{"line":28,"column":93}},"26":{"start":{"line":28,"column":78},"end":{"line":28,"column":91}},"27":{"start":{"line":31,"column":0},"end":{"line":34,"column":18}}},"fnMap":{"0":{"name":"(anonymous_0)","decl":{"start":{"line":1,"column":46},"end":{"line":1,"column":47}},"loc":{"start":{"line":1,"column":87},"end":{"line":6,"column":1}},"line":1},"1":{"name":"(anonymous_1)","decl":{"start":{"line":7,"column":46},"end":{"line":7,"column":47}},"loc":{"start":{"line":7,"column":62},"end":{"line":9,"column":1}},"line":7},"2":{"name":"(anonymous_2)","decl":{"start":{"line":14,"column":4},"end":{"line":14,"column":5}},"loc":{"start":{"line":14,"column":18},"end":{"line":17,"column":5}},"line":14},"3":{"name":"(anonymous_3)","decl":{"start":{"line":18,"column":4},"end":{"line":18,"column":5}},"loc":{"start":{"line":18,"column":23},"end":{"line":20,"column":5}},"line":18},"4":{"name":"(anonymous_4)","decl":{"start":{"line":21,"column":4},"end":{"line":21,"column":5}},"loc":{"start":{"line":21,"column":29},"end":{"line":29,"column":5}},"line":21},"5":{"name":"(anonymous_5)","decl":{"start":{"line":23,"column":36},"end":{"line":23,"column":37}},"loc":{"start":{"line":23,"column":44},"end":{"line":23,"column":57}},"line":23},"6":{"name":"(anonymous_6)","decl":{"start":{"line":24,"column":41},"end":{"line":24,"column":42}},"loc":{"start":{"line":24,"column":49},"end":{"line":24,"column":62}},"line":24},"7":{"name":"(anonymous_7)","decl":{"start":{"line":25,"column":68},"end":{"line":25,"column":69}},"loc":{"start":{"line":25,"column":76},"end":{"line":25,"column":89}},"line":25},"8":{"name":"(anonymous_8)","decl":{"start":{"line":26,"column":72},"end":{"line":26,"column":73}},"loc":{"start":{"line":26,"column":80},"end":{"line":26,"column":93}},"line":26},"9":{"name":"(anonymous_9)","decl":{"start":{"line":27,"column":66},"end":{"line":27,"column":67}},"loc":{"start":{"line":27,"column":74},"end":{"line":27,"column":87}},"line":27},"10":{"name":"(anonymous_10)","decl":{"start":{"line":28,"column":70},"end":{"line":28,"column":71}},"loc":{"start":{"line":28,"column":78},"end":{"line":28,"column":91}},"line":28}},"branchMap":{"0":{"loc":{"start":{"line":1,"column":17},"end":{"line":6,"column":1}},"type":"binary-expr","locations":[{"start":{"line":1,"column":18},"end":{"line":1,"column":22}},{"start":{"line":1,"column":26},"end":{"line":1,"column":41}},{"start":{"line":1,"column":46},"end":{"line":6,"column":1}}],"line":1},"1":{"loc":{"start":{"line":2,"column":34},"end":{"line":2,"column":125}},"type":"cond-expr","locations":[{"start":{"line":2,"column":42},"end":{"line":2,"column":48}},{"start":{"line":2,"column":51},"end":{"line":2,"column":125}}],"line":2},"2":{"loc":{"start":{"line":2,"column":51},"end":{"line":2,"column":125}},"type":"cond-expr","locations":[{"start":{"line":2,"column":67},"end":{"line":2,"column":118}},{"start":{"line":2,"column":121},"end":{"line":2,"column":125}}],"line":2},"3":{"loc":{"start":{"line":3,"column":4},"end":{"line":4,"column":150}},"type":"if","locations":[{"start":{"line":3,"column":4},"end":{"line":4,"column":150}},{"start":{"line":3,"column":4},"end":{"line":4,"column":150}}],"line":3},"4":{"loc":{"start":{"line":3,"column":8},"end":{"line":3,"column":77}},"type":"binary-expr","locations":[{"start":{"line":3,"column":8},"end":{"line":3,"column":35}},{"start":{"line":3,"column":39},"end":{"line":3,"column":77}}],"line":3},"5":{"loc":{"start":{"line":4,"column":58},"end":{"line":4,"column":150}},"type":"if","locations":[{"start":{"line":4,"column":58},"end":{"line":4,"column":150}},{"start":{"line":4,"column":58},"end":{"line":4,"column":150}}],"line":4},"6":{"loc":{"start":{"line":4,"column":85},"end":{"line":4,"column":149}},"type":"binary-expr","locations":[{"start":{"line":4,"column":86},"end":{"line":4,"column":143}},{"start":{"line":4,"column":148},"end":{"line":4,"column":149}}],"line":4},"7":{"loc":{"start":{"line":4,"column":86},"end":{"line":4,"column":143}},"type":"cond-expr","locations":[{"start":{"line":4,"column":94},"end":{"line":4,"column":98}},{"start":{"line":4,"column":101},"end":{"line":4,"column":143}}],"line":4},"8":{"loc":{"start":{"line":4,"column":101},"end":{"line":4,"column":143}},"type":"cond-expr","locations":[{"start":{"line":4,"column":109},"end":{"line":4,"column":126}},{"start":{"line":4,"column":129},"end":{"line":4,"column":143}}],"line":4},"9":{"loc":{"start":{"line":5,"column":11},"end":{"line":5,"column":62}},"type":"binary-expr","locations":[{"start":{"line":5,"column":11},"end":{"line":5,"column":16}},{"start":{"line":5,"column":20},"end":{"line":5,"column":21}},{"start":{"line":5,"column":25},"end":{"line":5,"column":62}}],"line":5},"10":{"loc":{"start":{"line":7,"column":17},"end":{"line":9,"column":1}},"type":"binary-expr","locations":[{"start":{"line":7,"column":18},"end":{"line":7,"column":22}},{"start":{"line":7,"column":26},"end":{"line":7,"column":41}},{"start":{"line":7,"column":46},"end":{"line":9,"column":1}}],"line":7},"11":{"loc":{"start":{"line":8,"column":4},"end":{"line":8,"column":109}},"type":"if","locations":[{"start":{"line":8,"column":4},"end":{"line":8,"column":109}},{"start":{"line":8,"column":4},"end":{"line":8,"column":109}}],"line":8},"12":{"loc":{"start":{"line":8,"column":8},"end":{"line":8,"column":77}},"type":"binary-expr","locations":[{"start":{"line":8,"column":8},"end":{"line":8,"column":35}},{"start":{"line":8,"column":39},"end":{"line":8,"column":77}}],"line":8}},"s":{"0":1,"1":1,"2":1,"3":1,"4":1,"5":0,"6":0,"7":0,"8":1,"9":1,"10":1,"11":1,"12":1,"13":1,"14":1,"15":1,"16":1,"17":0,"18":0,"19":1,"20":0,"21":1,"22":0,"23":1,"24":0,"25":1,"26":0,"27":1},"f":{"0":1,"1":1,"2":1,"3":1,"4":1,"5":0,"6":0,"7":0,"8":0,"9":0,"10":0},"b":{"0":[1,0,1],"1":[1,0],"2":[0,0],"3":[1,0],"4":[1,1],"5":[0,0],"6":[0,0],"7":[0,0],"8":[0,0],"9":[1,0,0],"10":[1,0,1],"11":[1,0],"12":[1,1]},"inputSourceMap":{"version":3,"file":"mapper.service.js","sourceRoot":"","sources":["mapper.service.ts"],"names":[],"mappings":";;;;;;;;;;AAAA,OAAO,EAAE,UAAU,EAAE,MAAM,gBAAgB,CAAC;AAC5C,OAAO,+BAA+B,CAAC;AAGvC,IAAa,aAAa,qBAA1B;IAII;QACI,IAAI,CAAC,MAAM,GAAG,UAAU,CAAC;QACzB,IAAI,CAAC,gBAAgB,EAAE,CAAC;IAC5B,CAAC;IAEO,gBAAgB;QACpB,IAAI,CAAC,MAAM,CAAC,UAAU,CAAC,eAAa,CAAC,SAAS,CAAC,CAAC;IACpD,CAAC;IAEO,MAAM,CAAC,SAAS,CAAC,MAAmC;QACxD,MAAM,CAAC,SAAS,CAAC,MAAM,EAAE,QAAQ,CAAC;aACjC,eAAe,CAAC,KAAK,EAAE,IAAI,CAAC,EAAE,CAAC,IAAI,CAAC,MAAM,EAAE,CAAC;aAC7C,eAAe,CAAC,UAAU,EAAE,IAAI,CAAC,EAAE,CAAC,IAAI,CAAC,MAAM,EAAE,CAAC,CAAC;QAEpD,MAAM,CAAC,SAAS,CAAC,OAAO,EAAE,SAAS,CAAC,CAAC,eAAe,CAAC,KAAK,EAAE,IAAI,CAAC,EAAE,CAAC,IAAI,CAAC,MAAM,EAAE,CAAC,CAAC;QACnF,MAAM,CAAC,SAAS,CAAC,SAAS,EAAE,WAAW,CAAC,CAAC,eAAe,CAAC,KAAK,EAAE,IAAI,CAAC,EAAE,CAAC,IAAI,CAAC,MAAM,EAAE,CAAC,CAAC;QACvF,MAAM,CAAC,SAAS,CAAC,MAAM,EAAE,QAAQ,CAAC,CAAC,eAAe,CAAC,KAAK,EAAE,IAAI,CAAC,EAAE,CAAC,IAAI,CAAC,MAAM,EAAE,CAAC,CAAC;QACjF,MAAM,CAAC,SAAS,CAAC,QAAQ,EAAE,UAAU,CAAC,CAAC,eAAe,CAAC,KAAK,EAAE,IAAI,CAAC,EAAE,CAAC,IAAI,CAAC,MAAM,EAAE,CAAC,CAAC;IACzF,CAAC;CACJ,CAAA;AAvBY,aAAa;IADzB,UAAU,EAAE;;GACA,aAAa,CAuBzB;SAvBY,aAAa","sourcesContent":["import { Injectable } from '@nestjs/common';\nimport 'automapper-ts/dist/automapper';\n\n@Injectable()\nexport class MapperService {\n\n    mapper: AutoMapperJs.AutoMapper;\n\n    constructor(){\n        this.mapper = automapper;\n        this.initializeMapper();\n    }\n\n    private initializeMapper(): void {\n        this.mapper.initialize(MapperService.configure);\n    }\n\n    private static configure(Config: AutoMapperJs.IConfiguration): void {\n        Config.createMap('User', 'UserVm')\n        .forSourceMember('_id', opts => opts.ignore())\n        .forSourceMember('password', opts => opts.ignore());\n\n        Config.createMap('Users', 'UsersVm').forSourceMember('_id', opts => opts.ignore());\n        Config.createMap('Users[]', 'UsersVm[]').forSourceMember('_id', opts => opts.ignore());\n        Config.createMap('Note', 'NoteVm').forSourceMember('_id', opts => opts.ignore());\n        Config.createMap('Note[]', 'NoteVm[]').forSourceMember('_id', opts => opts.ignore());\n    } \n}\n"]},"_coverageSchema":"332fd63041d2c1bcb487cc26dd0d5f7d97098a6c","hash":"1fa9dfe105ffe3530305a641e7d9c44af6f7568d"}
}
