{"C:\\Users\\Usuario\\nestjs-workshop-2018\\src\\app.controller.ts": {"path":"C:\\Users\\Usuario\\nestjs-workshop-2018\\src\\app.controller.ts","statementMap":{"0":{"start":{"line":1,"column":17},"end":{"line":6,"column":1}},"1":{"start":{"line":2,"column":12},"end":{"line":2,"column":28}},"2":{"start":{"line":2,"column":34},"end":{"line":2,"column":125}},"3":{"start":{"line":3,"column":4},"end":{"line":4,"column":150}},"4":{"start":{"line":3,"column":79},"end":{"line":3,"column":131}},"5":{"start":{"line":4,"column":9},"end":{"line":4,"column":150}},"6":{"start":{"line":4,"column":58},"end":{"line":4,"column":150}},"7":{"start":{"line":4,"column":81},"end":{"line":4,"column":150}},"8":{"start":{"line":5,"column":4},"end":{"line":5,"column":66}},"9":{"start":{"line":7,"column":17},"end":{"line":9,"column":1}},"10":{"start":{"line":8,"column":4},"end":{"line":8,"column":109}},"11":{"start":{"line":8,"column":79},"end":{"line":8,"column":109}},"12":{"start":{"line":13,"column":20},"end":{"line":20,"column":1}},"13":{"start":{"line":15,"column":8},"end":{"line":15,"column":37}},"14":{"start":{"line":18,"column":8},"end":{"line":18,"column":38}},"15":{"start":{"line":21,"column":0},"end":{"line":26,"column":42}},"16":{"start":{"line":27,"column":0},"end":{"line":30,"column":18}}},"fnMap":{"0":{"name":"(anonymous_0)","decl":{"start":{"line":1,"column":46},"end":{"line":1,"column":47}},"loc":{"start":{"line":1,"column":87},"end":{"line":6,"column":1}},"line":1},"1":{"name":"(anonymous_1)","decl":{"start":{"line":7,"column":46},"end":{"line":7,"column":47}},"loc":{"start":{"line":7,"column":62},"end":{"line":9,"column":1}},"line":7},"2":{"name":"(anonymous_2)","decl":{"start":{"line":14,"column":4},"end":{"line":14,"column":5}},"loc":{"start":{"line":14,"column":28},"end":{"line":16,"column":5}},"line":14},"3":{"name":"(anonymous_3)","decl":{"start":{"line":17,"column":4},"end":{"line":17,"column":5}},"loc":{"start":{"line":17,"column":11},"end":{"line":19,"column":5}},"line":17}},"branchMap":{"0":{"loc":{"start":{"line":1,"column":17},"end":{"line":6,"column":1}},"type":"binary-expr","locations":[{"start":{"line":1,"column":18},"end":{"line":1,"column":22}},{"start":{"line":1,"column":26},"end":{"line":1,"column":41}},{"start":{"line":1,"column":46},"end":{"line":6,"column":1}}],"line":1},"1":{"loc":{"start":{"line":2,"column":34},"end":{"line":2,"column":125}},"type":"cond-expr","locations":[{"start":{"line":2,"column":42},"end":{"line":2,"column":48}},{"start":{"line":2,"column":51},"end":{"line":2,"column":125}}],"line":2},"2":{"loc":{"start":{"line":2,"column":51},"end":{"line":2,"column":125}},"type":"cond-expr","locations":[{"start":{"line":2,"column":67},"end":{"line":2,"column":118}},{"start":{"line":2,"column":121},"end":{"line":2,"column":125}}],"line":2},"3":{"loc":{"start":{"line":3,"column":4},"end":{"line":4,"column":150}},"type":"if","locations":[{"start":{"line":3,"column":4},"end":{"line":4,"column":150}},{"start":{"line":3,"column":4},"end":{"line":4,"column":150}}],"line":3},"4":{"loc":{"start":{"line":3,"column":8},"end":{"line":3,"column":77}},"type":"binary-expr","locations":[{"start":{"line":3,"column":8},"end":{"line":3,"column":35}},{"start":{"line":3,"column":39},"end":{"line":3,"column":77}}],"line":3},"5":{"loc":{"start":{"line":4,"column":58},"end":{"line":4,"column":150}},"type":"if","locations":[{"start":{"line":4,"column":58},"end":{"line":4,"column":150}},{"start":{"line":4,"column":58},"end":{"line":4,"column":150}}],"line":4},"6":{"loc":{"start":{"line":4,"column":85},"end":{"line":4,"column":149}},"type":"binary-expr","locations":[{"start":{"line":4,"column":86},"end":{"line":4,"column":143}},{"start":{"line":4,"column":148},"end":{"line":4,"column":149}}],"line":4},"7":{"loc":{"start":{"line":4,"column":86},"end":{"line":4,"column":143}},"type":"cond-expr","locations":[{"start":{"line":4,"column":94},"end":{"line":4,"column":98}},{"start":{"line":4,"column":101},"end":{"line":4,"column":143}}],"line":4},"8":{"loc":{"start":{"line":4,"column":101},"end":{"line":4,"column":143}},"type":"cond-expr","locations":[{"start":{"line":4,"column":109},"end":{"line":4,"column":126}},{"start":{"line":4,"column":129},"end":{"line":4,"column":143}}],"line":4},"9":{"loc":{"start":{"line":5,"column":11},"end":{"line":5,"column":62}},"type":"binary-expr","locations":[{"start":{"line":5,"column":11},"end":{"line":5,"column":16}},{"start":{"line":5,"column":20},"end":{"line":5,"column":21}},{"start":{"line":5,"column":25},"end":{"line":5,"column":62}}],"line":5},"10":{"loc":{"start":{"line":7,"column":17},"end":{"line":9,"column":1}},"type":"binary-expr","locations":[{"start":{"line":7,"column":18},"end":{"line":7,"column":22}},{"start":{"line":7,"column":26},"end":{"line":7,"column":41}},{"start":{"line":7,"column":46},"end":{"line":9,"column":1}}],"line":7},"11":{"loc":{"start":{"line":8,"column":4},"end":{"line":8,"column":109}},"type":"if","locations":[{"start":{"line":8,"column":4},"end":{"line":8,"column":109}},{"start":{"line":8,"column":4},"end":{"line":8,"column":109}}],"line":8},"12":{"loc":{"start":{"line":8,"column":8},"end":{"line":8,"column":77}},"type":"binary-expr","locations":[{"start":{"line":8,"column":8},"end":{"line":8,"column":35}},{"start":{"line":8,"column":39},"end":{"line":8,"column":77}}],"line":8},"13":{"loc":{"start":{"line":29,"column":37},"end":{"line":29,"column":129}},"type":"binary-expr","locations":[{"start":{"line":29,"column":37},"end":{"line":29,"column":113}},{"start":{"line":29,"column":117},"end":{"line":29,"column":119}},{"start":{"line":29,"column":123},"end":{"line":29,"column":129}}],"line":29},"14":{"loc":{"start":{"line":29,"column":50},"end":{"line":29,"column":97}},"type":"binary-expr","locations":[{"start":{"line":29,"column":50},"end":{"line":29,"column":83}},{"start":{"line":29,"column":87},"end":{"line":29,"column":97}}],"line":29}},"s":{"0":1,"1":2,"2":2,"3":2,"4":2,"5":0,"6":0,"7":0,"8":2,"9":1,"10":4,"11":4,"12":1,"13":1,"14":1,"15":1,"16":1},"f":{"0":2,"1":4,"2":1,"3":1},"b":{"0":[1,0,1],"1":[1,1],"2":[1,0],"3":[2,0],"4":[2,2],"5":[0,0],"6":[0,0],"7":[0,0],"8":[0,0],"9":[2,1,1],"10":[1,0,1],"11":[4,0],"12":[4,4],"13":[1,1,0],"14":[1,1]},"inputSourceMap":{"version":3,"file":"app.controller.js","sourceRoot":"","sources":["app.controller.ts"],"names":[],"mappings":";;;;;;;;;;AAAA,OAAO,EAAE,GAAG,EAAE,UAAU,EAAE,MAAM,gBAAgB,CAAC;AACjD,OAAO,EAAE,UAAU,EAAE,MAAM,eAAe,CAAC;AAG3C,IAAa,aAAa,GAA1B;IACE,YAA6B,UAAsB;QAAtB,eAAU,GAAV,UAAU,CAAY;IAAG,CAAC;IAKvD,IAAI;QACF,OAAO,IAAI,CAAC,UAAU,CAAC,IAAI,EAAE,CAAC;IAChC,CAAC;CACF,CAAA;AAHC;IADC,GAAG,EAAE;;;;yCAGL;AARU,aAAa;IADzB,UAAU,EAAE;yDAE8B,UAAU,oBAAV,UAAU;GADxC,aAAa,CASzB;SATY,aAAa","sourcesContent":["import { Get, Controller } from '@nestjs/common';\nimport { AppService } from './app.service';\n\n@Controller() // localhost:3000/root\nexport class AppController {\n  constructor(private readonly appService: AppService) {}\n\n  //_router.get('/hello');\n  // localhost:3000/root/hello\n  @Get()\n  root(): any {\n    return this.appService.root();\n  }\n}\n"]},"_coverageSchema":"332fd63041d2c1bcb487cc26dd0d5f7d97098a6c","hash":"90eb9a0b74cf1866bb231fc28616514f320a423c"}
,"C:\\Users\\Usuario\\nestjs-workshop-2018\\src\\app.service.ts": {"path":"C:\\Users\\Usuario\\nestjs-workshop-2018\\src\\app.service.ts","statementMap":{"0":{"start":{"line":1,"column":17},"end":{"line":6,"column":1}},"1":{"start":{"line":2,"column":12},"end":{"line":2,"column":28}},"2":{"start":{"line":2,"column":34},"end":{"line":2,"column":125}},"3":{"start":{"line":3,"column":4},"end":{"line":4,"column":150}},"4":{"start":{"line":3,"column":79},"end":{"line":3,"column":131}},"5":{"start":{"line":4,"column":9},"end":{"line":4,"column":150}},"6":{"start":{"line":4,"column":58},"end":{"line":4,"column":150}},"7":{"start":{"line":4,"column":81},"end":{"line":4,"column":150}},"8":{"start":{"line":5,"column":4},"end":{"line":5,"column":66}},"9":{"start":{"line":8,"column":17},"end":{"line":12,"column":1}},"10":{"start":{"line":10,"column":8},"end":{"line":10,"column":37}},"11":{"start":{"line":13,"column":0},"end":{"line":15,"column":15}}},"fnMap":{"0":{"name":"(anonymous_0)","decl":{"start":{"line":1,"column":46},"end":{"line":1,"column":47}},"loc":{"start":{"line":1,"column":87},"end":{"line":6,"column":1}},"line":1},"1":{"name":"(anonymous_1)","decl":{"start":{"line":9,"column":4},"end":{"line":9,"column":5}},"loc":{"start":{"line":9,"column":11},"end":{"line":11,"column":5}},"line":9}},"branchMap":{"0":{"loc":{"start":{"line":1,"column":17},"end":{"line":6,"column":1}},"type":"binary-expr","locations":[{"start":{"line":1,"column":18},"end":{"line":1,"column":22}},{"start":{"line":1,"column":26},"end":{"line":1,"column":41}},{"start":{"line":1,"column":46},"end":{"line":6,"column":1}}],"line":1},"1":{"loc":{"start":{"line":2,"column":34},"end":{"line":2,"column":125}},"type":"cond-expr","locations":[{"start":{"line":2,"column":42},"end":{"line":2,"column":48}},{"start":{"line":2,"column":51},"end":{"line":2,"column":125}}],"line":2},"2":{"loc":{"start":{"line":2,"column":51},"end":{"line":2,"column":125}},"type":"cond-expr","locations":[{"start":{"line":2,"column":67},"end":{"line":2,"column":118}},{"start":{"line":2,"column":121},"end":{"line":2,"column":125}}],"line":2},"3":{"loc":{"start":{"line":3,"column":4},"end":{"line":4,"column":150}},"type":"if","locations":[{"start":{"line":3,"column":4},"end":{"line":4,"column":150}},{"start":{"line":3,"column":4},"end":{"line":4,"column":150}}],"line":3},"4":{"loc":{"start":{"line":3,"column":8},"end":{"line":3,"column":77}},"type":"binary-expr","locations":[{"start":{"line":3,"column":8},"end":{"line":3,"column":35}},{"start":{"line":3,"column":39},"end":{"line":3,"column":77}}],"line":3},"5":{"loc":{"start":{"line":4,"column":58},"end":{"line":4,"column":150}},"type":"if","locations":[{"start":{"line":4,"column":58},"end":{"line":4,"column":150}},{"start":{"line":4,"column":58},"end":{"line":4,"column":150}}],"line":4},"6":{"loc":{"start":{"line":4,"column":85},"end":{"line":4,"column":149}},"type":"binary-expr","locations":[{"start":{"line":4,"column":86},"end":{"line":4,"column":143}},{"start":{"line":4,"column":148},"end":{"line":4,"column":149}}],"line":4},"7":{"loc":{"start":{"line":4,"column":86},"end":{"line":4,"column":143}},"type":"cond-expr","locations":[{"start":{"line":4,"column":94},"end":{"line":4,"column":98}},{"start":{"line":4,"column":101},"end":{"line":4,"column":143}}],"line":4},"8":{"loc":{"start":{"line":4,"column":101},"end":{"line":4,"column":143}},"type":"cond-expr","locations":[{"start":{"line":4,"column":109},"end":{"line":4,"column":126}},{"start":{"line":4,"column":129},"end":{"line":4,"column":143}}],"line":4},"9":{"loc":{"start":{"line":5,"column":11},"end":{"line":5,"column":62}},"type":"binary-expr","locations":[{"start":{"line":5,"column":11},"end":{"line":5,"column":16}},{"start":{"line":5,"column":20},"end":{"line":5,"column":21}},{"start":{"line":5,"column":25},"end":{"line":5,"column":62}}],"line":5}},"s":{"0":1,"1":1,"2":1,"3":1,"4":1,"5":0,"6":0,"7":0,"8":1,"9":1,"10":1,"11":1},"f":{"0":1,"1":1},"b":{"0":[1,0,1],"1":[1,0],"2":[0,0],"3":[1,0],"4":[1,1],"5":[0,0],"6":[0,0],"7":[0,0],"8":[0,0],"9":[1,0,0]},"inputSourceMap":{"version":3,"file":"app.service.js","sourceRoot":"","sources":["app.service.ts"],"names":[],"mappings":";;;;;;AAAA,OAAO,EAAE,UAAU,EAAE,MAAM,gBAAgB,CAAC;AAG5C,IAAa,UAAU,GAAvB;IACE,IAAI;QACF,OAAO,EAAE,OAAO,EAAE,QAAQ,EAAE,CAAC;IAC/B,CAAC;CACF,CAAA;AAJY,UAAU;IADtB,UAAU,EAAE;GACA,UAAU,CAItB;SAJY,UAAU","sourcesContent":["import { Injectable } from '@nestjs/common';\n\n@Injectable()\nexport class AppService {\n  root(): any {\n    return { message: \"I'm ok\" };\n  }\n}\n"]},"_coverageSchema":"332fd63041d2c1bcb487cc26dd0d5f7d97098a6c","hash":"796f850f9d08081cfb1e3cb8c82be56bef5894c2"}
,"C:\\Users\\Usuario\\nestjs-workshop-2018\\src\\note\\note.service.ts": {"path":"C:\\Users\\Usuario\\nestjs-workshop-2018\\src\\note\\note.service.ts","statementMap":{"0":{"start":{"line":1,"column":17},"end":{"line":6,"column":1}},"1":{"start":{"line":2,"column":12},"end":{"line":2,"column":28}},"2":{"start":{"line":2,"column":34},"end":{"line":2,"column":125}},"3":{"start":{"line":3,"column":4},"end":{"line":4,"column":150}},"4":{"start":{"line":3,"column":79},"end":{"line":3,"column":131}},"5":{"start":{"line":4,"column":9},"end":{"line":4,"column":150}},"6":{"start":{"line":4,"column":58},"end":{"line":4,"column":150}},"7":{"start":{"line":4,"column":81},"end":{"line":4,"column":150}},"8":{"start":{"line":5,"column":4},"end":{"line":5,"column":66}},"9":{"start":{"line":7,"column":17},"end":{"line":9,"column":1}},"10":{"start":{"line":8,"column":4},"end":{"line":8,"column":109}},"11":{"start":{"line":8,"column":79},"end":{"line":8,"column":109}},"12":{"start":{"line":10,"column":14},"end":{"line":12,"column":1}},"13":{"start":{"line":11,"column":4},"end":{"line":11,"column":73}},"14":{"start":{"line":11,"column":36},"end":{"line":11,"column":71}},"15":{"start":{"line":13,"column":16},"end":{"line":20,"column":1}},"16":{"start":{"line":14,"column":4},"end":{"line":19,"column":7}},"17":{"start":{"line":15,"column":36},"end":{"line":15,"column":97}},"18":{"start":{"line":15,"column":42},"end":{"line":15,"column":70}},"19":{"start":{"line":15,"column":85},"end":{"line":15,"column":95}},"20":{"start":{"line":16,"column":35},"end":{"line":16,"column":100}},"21":{"start":{"line":16,"column":41},"end":{"line":16,"column":73}},"22":{"start":{"line":16,"column":88},"end":{"line":16,"column":98}},"23":{"start":{"line":17,"column":32},"end":{"line":17,"column":149}},"24":{"start":{"line":17,"column":97},"end":{"line":17,"column":119}},"25":{"start":{"line":18,"column":8},"end":{"line":18,"column":78}},"26":{"start":{"line":28,"column":18},"end":{"line":52,"column":1}},"27":{"start":{"line":30,"column":8},"end":{"line":30,"column":16}},"28":{"start":{"line":31,"column":8},"end":{"line":31,"column":37}},"29":{"start":{"line":32,"column":8},"end":{"line":32,"column":45}},"30":{"start":{"line":33,"column":8},"end":{"line":33,"column":33}},"31":{"start":{"line":34,"column":8},"end":{"line":34,"column":45}},"32":{"start":{"line":37,"column":8},"end":{"line":50,"column":11}},"33":{"start":{"line":38,"column":55},"end":{"line":38,"column":61}},"34":{"start":{"line":39,"column":28},"end":{"line":39,"column":45}},"35":{"start":{"line":40,"column":12},"end":{"line":40,"column":32}},"36":{"start":{"line":41,"column":12},"end":{"line":41,"column":46}},"37":{"start":{"line":42,"column":12},"end":{"line":42,"column":46}},"38":{"start":{"line":43,"column":12},"end":{"line":49,"column":13}},"39":{"start":{"line":44,"column":31},"end":{"line":44,"column":57}},"40":{"start":{"line":45,"column":16},"end":{"line":45,"column":39}},"41":{"start":{"line":48,"column":16},"end":{"line":48,"column":77}},"42":{"start":{"line":53,"column":0},"end":{"line":57,"column":16}}},"fnMap":{"0":{"name":"(anonymous_0)","decl":{"start":{"line":1,"column":46},"end":{"line":1,"column":47}},"loc":{"start":{"line":1,"column":87},"end":{"line":6,"column":1}},"line":1},"1":{"name":"(anonymous_1)","decl":{"start":{"line":7,"column":46},"end":{"line":7,"column":47}},"loc":{"start":{"line":7,"column":62},"end":{"line":9,"column":1}},"line":7},"2":{"name":"(anonymous_2)","decl":{"start":{"line":10,"column":40},"end":{"line":10,"column":41}},"loc":{"start":{"line":10,"column":73},"end":{"line":12,"column":1}},"line":10},"3":{"name":"(anonymous_3)","decl":{"start":{"line":11,"column":11},"end":{"line":11,"column":12}},"loc":{"start":{"line":11,"column":34},"end":{"line":11,"column":73}},"line":11},"4":{"name":"(anonymous_4)","decl":{"start":{"line":13,"column":44},"end":{"line":13,"column":45}},"loc":{"start":{"line":13,"column":89},"end":{"line":20,"column":1}},"line":13},"5":{"name":"(anonymous_5)","decl":{"start":{"line":14,"column":36},"end":{"line":14,"column":37}},"loc":{"start":{"line":14,"column":63},"end":{"line":19,"column":5}},"line":14},"6":{"name":"fulfilled","decl":{"start":{"line":15,"column":17},"end":{"line":15,"column":26}},"loc":{"start":{"line":15,"column":34},"end":{"line":15,"column":99}},"line":15},"7":{"name":"rejected","decl":{"start":{"line":16,"column":17},"end":{"line":16,"column":25}},"loc":{"start":{"line":16,"column":33},"end":{"line":16,"column":102}},"line":16},"8":{"name":"step","decl":{"start":{"line":17,"column":17},"end":{"line":17,"column":21}},"loc":{"start":{"line":17,"column":30},"end":{"line":17,"column":151}},"line":17},"9":{"name":"(anonymous_9)","decl":{"start":{"line":17,"column":76},"end":{"line":17,"column":77}},"loc":{"start":{"line":17,"column":95},"end":{"line":17,"column":121}},"line":17},"10":{"name":"(anonymous_10)","decl":{"start":{"line":29,"column":4},"end":{"line":29,"column":5}},"loc":{"start":{"line":29,"column":44},"end":{"line":35,"column":5}},"line":29},"11":{"name":"(anonymous_11)","decl":{"start":{"line":36,"column":4},"end":{"line":36,"column":5}},"loc":{"start":{"line":36,"column":23},"end":{"line":51,"column":5}},"line":36},"12":{"name":"(anonymous_12)","decl":{"start":{"line":37,"column":47},"end":{"line":37,"column":48}},"loc":{"start":{"line":37,"column":60},"end":{"line":50,"column":9}},"line":37}},"branchMap":{"0":{"loc":{"start":{"line":1,"column":17},"end":{"line":6,"column":1}},"type":"binary-expr","locations":[{"start":{"line":1,"column":18},"end":{"line":1,"column":22}},{"start":{"line":1,"column":26},"end":{"line":1,"column":41}},{"start":{"line":1,"column":46},"end":{"line":6,"column":1}}],"line":1},"1":{"loc":{"start":{"line":2,"column":34},"end":{"line":2,"column":125}},"type":"cond-expr","locations":[{"start":{"line":2,"column":42},"end":{"line":2,"column":48}},{"start":{"line":2,"column":51},"end":{"line":2,"column":125}}],"line":2},"2":{"loc":{"start":{"line":2,"column":51},"end":{"line":2,"column":125}},"type":"cond-expr","locations":[{"start":{"line":2,"column":67},"end":{"line":2,"column":118}},{"start":{"line":2,"column":121},"end":{"line":2,"column":125}}],"line":2},"3":{"loc":{"start":{"line":3,"column":4},"end":{"line":4,"column":150}},"type":"if","locations":[{"start":{"line":3,"column":4},"end":{"line":4,"column":150}},{"start":{"line":3,"column":4},"end":{"line":4,"column":150}}],"line":3},"4":{"loc":{"start":{"line":3,"column":8},"end":{"line":3,"column":77}},"type":"binary-expr","locations":[{"start":{"line":3,"column":8},"end":{"line":3,"column":35}},{"start":{"line":3,"column":39},"end":{"line":3,"column":77}}],"line":3},"5":{"loc":{"start":{"line":4,"column":58},"end":{"line":4,"column":150}},"type":"if","locations":[{"start":{"line":4,"column":58},"end":{"line":4,"column":150}},{"start":{"line":4,"column":58},"end":{"line":4,"column":150}}],"line":4},"6":{"loc":{"start":{"line":4,"column":85},"end":{"line":4,"column":149}},"type":"binary-expr","locations":[{"start":{"line":4,"column":86},"end":{"line":4,"column":143}},{"start":{"line":4,"column":148},"end":{"line":4,"column":149}}],"line":4},"7":{"loc":{"start":{"line":4,"column":86},"end":{"line":4,"column":143}},"type":"cond-expr","locations":[{"start":{"line":4,"column":94},"end":{"line":4,"column":98}},{"start":{"line":4,"column":101},"end":{"line":4,"column":143}}],"line":4},"8":{"loc":{"start":{"line":4,"column":101},"end":{"line":4,"column":143}},"type":"cond-expr","locations":[{"start":{"line":4,"column":109},"end":{"line":4,"column":126}},{"start":{"line":4,"column":129},"end":{"line":4,"column":143}}],"line":4},"9":{"loc":{"start":{"line":5,"column":11},"end":{"line":5,"column":62}},"type":"binary-expr","locations":[{"start":{"line":5,"column":11},"end":{"line":5,"column":16}},{"start":{"line":5,"column":20},"end":{"line":5,"column":21}},{"start":{"line":5,"column":25},"end":{"line":5,"column":62}}],"line":5},"10":{"loc":{"start":{"line":7,"column":17},"end":{"line":9,"column":1}},"type":"binary-expr","locations":[{"start":{"line":7,"column":18},"end":{"line":7,"column":22}},{"start":{"line":7,"column":26},"end":{"line":7,"column":41}},{"start":{"line":7,"column":46},"end":{"line":9,"column":1}}],"line":7},"11":{"loc":{"start":{"line":8,"column":4},"end":{"line":8,"column":109}},"type":"if","locations":[{"start":{"line":8,"column":4},"end":{"line":8,"column":109}},{"start":{"line":8,"column":4},"end":{"line":8,"column":109}}],"line":8},"12":{"loc":{"start":{"line":8,"column":8},"end":{"line":8,"column":77}},"type":"binary-expr","locations":[{"start":{"line":8,"column":8},"end":{"line":8,"column":35}},{"start":{"line":8,"column":39},"end":{"line":8,"column":77}}],"line":8},"13":{"loc":{"start":{"line":10,"column":14},"end":{"line":12,"column":1}},"type":"binary-expr","locations":[{"start":{"line":10,"column":15},"end":{"line":10,"column":19}},{"start":{"line":10,"column":23},"end":{"line":10,"column":35}},{"start":{"line":10,"column":40},"end":{"line":12,"column":1}}],"line":10},"14":{"loc":{"start":{"line":13,"column":16},"end":{"line":20,"column":1}},"type":"binary-expr","locations":[{"start":{"line":13,"column":17},"end":{"line":13,"column":21}},{"start":{"line":13,"column":25},"end":{"line":13,"column":39}},{"start":{"line":13,"column":44},"end":{"line":20,"column":1}}],"line":13},"15":{"loc":{"start":{"line":14,"column":16},"end":{"line":14,"column":34}},"type":"binary-expr","locations":[{"start":{"line":14,"column":16},"end":{"line":14,"column":17}},{"start":{"line":14,"column":22},"end":{"line":14,"column":33}}],"line":14},"16":{"loc":{"start":{"line":17,"column":32},"end":{"line":17,"column":148}},"type":"cond-expr","locations":[{"start":{"line":17,"column":46},"end":{"line":17,"column":67}},{"start":{"line":17,"column":70},"end":{"line":17,"column":148}}],"line":17},"17":{"loc":{"start":{"line":18,"column":51},"end":{"line":18,"column":67}},"type":"binary-expr","locations":[{"start":{"line":18,"column":51},"end":{"line":18,"column":61}},{"start":{"line":18,"column":65},"end":{"line":18,"column":67}}],"line":18},"18":{"loc":{"start":{"line":56,"column":37},"end":{"line":56,"column":127}},"type":"binary-expr","locations":[{"start":{"line":56,"column":37},"end":{"line":56,"column":111}},{"start":{"line":56,"column":115},"end":{"line":56,"column":117}},{"start":{"line":56,"column":121},"end":{"line":56,"column":127}}],"line":56},"19":{"loc":{"start":{"line":56,"column":50},"end":{"line":56,"column":95}},"type":"binary-expr","locations":[{"start":{"line":56,"column":50},"end":{"line":56,"column":82}},{"start":{"line":56,"column":86},"end":{"line":56,"column":95}}],"line":56},"20":{"loc":{"start":{"line":56,"column":129},"end":{"line":56,"column":227}},"type":"binary-expr","locations":[{"start":{"line":56,"column":129},"end":{"line":56,"column":211}},{"start":{"line":56,"column":215},"end":{"line":56,"column":217}},{"start":{"line":56,"column":221},"end":{"line":56,"column":227}}],"line":56},"21":{"loc":{"start":{"line":56,"column":142},"end":{"line":56,"column":195}},"type":"binary-expr","locations":[{"start":{"line":56,"column":142},"end":{"line":56,"column":178}},{"start":{"line":56,"column":182},"end":{"line":56,"column":195}}],"line":56}},"s":{"0":1,"1":1,"2":1,"3":1,"4":1,"5":0,"6":0,"7":0,"8":1,"9":1,"10":1,"11":1,"12":1,"13":1,"14":1,"15":1,"16":0,"17":0,"18":0,"19":0,"20":0,"21":0,"22":0,"23":0,"24":0,"25":0,"26":1,"27":0,"28":0,"29":0,"30":0,"31":0,"32":0,"33":0,"34":0,"35":0,"36":0,"37":0,"38":0,"39":0,"40":0,"41":0,"42":1},"f":{"0":1,"1":1,"2":1,"3":1,"4":0,"5":0,"6":0,"7":0,"8":0,"9":0,"10":0,"11":0,"12":0},"b":{"0":[1,0,1],"1":[1,0],"2":[0,0],"3":[1,0],"4":[1,1],"5":[0,0],"6":[0,0],"7":[0,0],"8":[0,0],"9":[1,0,0],"10":[1,0,1],"11":[1,0],"12":[1,1],"13":[1,0,1],"14":[1,0,1],"15":[0,0],"16":[0,0],"17":[0,0],"18":[1,0,1],"19":[1,0],"20":[1,1,0],"21":[1,1]},"inputSourceMap":{"version":3,"file":"note.service.js","sourceRoot":"","sources":["note.service.ts"],"names":[],"mappings":";;;;;;;;;;;;;;;;;;;;;AAAA,OAAO,EAAE,UAAU,EAAc,aAAa,EAAE,UAAU,EAAE,MAAM,gBAAgB,CAAC;AACnF,OAAO,EAAE,WAAW,EAAE,MAAM,wBAAwB,CAAC;AACrD,OAAO,EAAE,WAAW,EAAE,MAAM,kBAAkB,CAAC;AAC/C,OAAO,EAAE,IAAI,EAAE,MAAM,qBAAqB,CAAC;AAC3C,OAAO,EAAE,SAAS,EAAE,MAAM,WAAW,CAAC;AACtC,OAAO,EAAE,aAAa,EAAE,MAAM,iCAAiC,CAAC;AAKhE,IAAa,WAAW,GAAxB,iBAAyB,SAAQ,WAAiB;IAC9C,YAA0D,UAA2B,EAAmB,cAA6B;QACjI,KAAK,EAAE,CAAC;QAD8C,eAAU,GAAV,UAAU,CAAiB;QAAmB,mBAAc,GAAd,cAAc,CAAe;QAEjI,IAAI,CAAC,MAAM,GAAG,UAAU,CAAC;QACzB,IAAI,CAAC,OAAO,GAAG,cAAc,CAAC,MAAM,CAAC;IACzC,CAAC;IAEK,UAAU,CAAC,MAAkB;;YAC/B,MAAM,EAAC,IAAI,EAAE,WAAW,EAAE,WAAW,EAAC,GAAG,MAAM,CAAC;YAEhD,MAAM,OAAO,GAAG,IAAI,IAAI,CAAC,MAAM,EAAE,CAAC;YAElC,OAAO,CAAC,IAAI,GAAG,IAAI,CAAC;YACpB,OAAO,CAAC,WAAW,GAAG,WAAW,CAAC;YAClC,OAAO,CAAC,WAAW,GAAG,WAAW,CAAC;YAElC,IAAI;gBACA,MAAM,MAAM,GAAG,MAAM,IAAI,CAAC,MAAM,CAAC,OAAO,CAAC,CAAC;gBAC1C,OAAO,MAAM,CAAC,MAAM,EAAU,CAAC;aAClC;YAAA,OAAM,CAAC,EAAC;gBACL,MAAM,IAAI,aAAa,CAAC,CAAC,EAAE,UAAU,CAAC,qBAAqB,CAAC,CAAC;aAChE;QACL,CAAC;KAAA;CACJ,CAAA;AAvBY,WAAW;IADvB,UAAU,EAAE;IAEI,WAAA,WAAW,CAAC,IAAI,CAAC,SAAS,CAAC,CAAA;yDAA8B,SAAS,oBAAT,SAAS,sDAAyC,aAAa,oBAAb,aAAa;GAD5H,WAAW,CAuBvB;SAvBY,WAAW","sourcesContent":["import { Injectable, Controller, HttpException, HttpStatus } from '@nestjs/common';\r\nimport { BaseService } from '../shared/base.service';\r\nimport { InjectModel } from '@nestjs/mongoose';\r\nimport { Note } from './models/note.model';\r\nimport { ModelType } from 'typegoose';\r\nimport { MapperService } from '../shared/mapper/mapper.service';\r\nimport { NoteParams } from './models/view-models/note-param.model';\r\nimport { identity } from 'rxjs';\r\n\r\n@Injectable()\r\nexport class NoteService extends BaseService<Note> {\r\n    constructor(@InjectModel(Note.modelName) private readonly _noteModel: ModelType<Note>, private readonly _mapperService: MapperService,) {\r\n        super();\r\n        this._model = _noteModel;\r\n        this._mapper = _mapperService.mapper;\r\n    }\r\n\r\n    async createNote(params: NoteParams): Promise<Note> {\r\n        const {text, createdDate, updatedDate} = params;\r\n        \r\n        const newNote = new this._model();\r\n\r\n        newNote.text = text;\r\n        newNote.createdDate = createdDate;\r\n        newNote.updatedDate = updatedDate;\r\n\r\n        try {\r\n            const result = await this.create(newNote);\r\n            return result.toJSON() as Note;\r\n        }catch(e){\r\n            throw new HttpException(e, HttpStatus.INTERNAL_SERVER_ERROR);\r\n        }\r\n    }\r\n}\r\n"]},"_coverageSchema":"332fd63041d2c1bcb487cc26dd0d5f7d97098a6c","hash":"8d6a9cfb8d3c8a5b03a5adfd79362af6c8222c14"}
,"C:\\Users\\Usuario\\nestjs-workshop-2018\\src\\note\\models\\note.model.ts": {"path":"C:\\Users\\Usuario\\nestjs-workshop-2018\\src\\note\\models\\note.model.ts","statementMap":{"0":{"start":{"line":1,"column":17},"end":{"line":6,"column":1}},"1":{"start":{"line":2,"column":12},"end":{"line":2,"column":28}},"2":{"start":{"line":2,"column":34},"end":{"line":2,"column":125}},"3":{"start":{"line":3,"column":4},"end":{"line":4,"column":150}},"4":{"start":{"line":3,"column":79},"end":{"line":3,"column":131}},"5":{"start":{"line":4,"column":9},"end":{"line":4,"column":150}},"6":{"start":{"line":4,"column":58},"end":{"line":4,"column":150}},"7":{"start":{"line":4,"column":81},"end":{"line":4,"column":150}},"8":{"start":{"line":5,"column":4},"end":{"line":5,"column":66}},"9":{"start":{"line":7,"column":17},"end":{"line":9,"column":1}},"10":{"start":{"line":8,"column":4},"end":{"line":8,"column":109}},"11":{"start":{"line":8,"column":79},"end":{"line":8,"column":109}},"12":{"start":{"line":15,"column":8},"end":{"line":15,"column":68}},"13":{"start":{"line":18,"column":8},"end":{"line":18,"column":36}},"14":{"start":{"line":21,"column":0},"end":{"line":24,"column":42}},"15":{"start":{"line":25,"column":0},"end":{"line":28,"column":35}},"16":{"start":{"line":29,"column":0},"end":{"line":32,"column":42}},"17":{"start":{"line":33,"column":0},"end":{"line":36,"column":42}}},"fnMap":{"0":{"name":"(anonymous_0)","decl":{"start":{"line":1,"column":46},"end":{"line":1,"column":47}},"loc":{"start":{"line":1,"column":87},"end":{"line":6,"column":1}},"line":1},"1":{"name":"(anonymous_1)","decl":{"start":{"line":7,"column":46},"end":{"line":7,"column":47}},"loc":{"start":{"line":7,"column":62},"end":{"line":9,"column":1}},"line":7},"2":{"name":"(anonymous_2)","decl":{"start":{"line":14,"column":4},"end":{"line":14,"column":5}},"loc":{"start":{"line":14,"column":23},"end":{"line":16,"column":5}},"line":14},"3":{"name":"(anonymous_3)","decl":{"start":{"line":17,"column":4},"end":{"line":17,"column":5}},"loc":{"start":{"line":17,"column":27},"end":{"line":19,"column":5}},"line":17}},"branchMap":{"0":{"loc":{"start":{"line":1,"column":17},"end":{"line":6,"column":1}},"type":"binary-expr","locations":[{"start":{"line":1,"column":18},"end":{"line":1,"column":22}},{"start":{"line":1,"column":26},"end":{"line":1,"column":41}},{"start":{"line":1,"column":46},"end":{"line":6,"column":1}}],"line":1},"1":{"loc":{"start":{"line":2,"column":34},"end":{"line":2,"column":125}},"type":"cond-expr","locations":[{"start":{"line":2,"column":42},"end":{"line":2,"column":48}},{"start":{"line":2,"column":51},"end":{"line":2,"column":125}}],"line":2},"2":{"loc":{"start":{"line":2,"column":51},"end":{"line":2,"column":125}},"type":"cond-expr","locations":[{"start":{"line":2,"column":67},"end":{"line":2,"column":118}},{"start":{"line":2,"column":121},"end":{"line":2,"column":125}}],"line":2},"3":{"loc":{"start":{"line":3,"column":4},"end":{"line":4,"column":150}},"type":"if","locations":[{"start":{"line":3,"column":4},"end":{"line":4,"column":150}},{"start":{"line":3,"column":4},"end":{"line":4,"column":150}}],"line":3},"4":{"loc":{"start":{"line":3,"column":8},"end":{"line":3,"column":77}},"type":"binary-expr","locations":[{"start":{"line":3,"column":8},"end":{"line":3,"column":35}},{"start":{"line":3,"column":39},"end":{"line":3,"column":77}}],"line":3},"5":{"loc":{"start":{"line":4,"column":58},"end":{"line":4,"column":150}},"type":"if","locations":[{"start":{"line":4,"column":58},"end":{"line":4,"column":150}},{"start":{"line":4,"column":58},"end":{"line":4,"column":150}}],"line":4},"6":{"loc":{"start":{"line":4,"column":85},"end":{"line":4,"column":149}},"type":"binary-expr","locations":[{"start":{"line":4,"column":86},"end":{"line":4,"column":143}},{"start":{"line":4,"column":148},"end":{"line":4,"column":149}}],"line":4},"7":{"loc":{"start":{"line":4,"column":86},"end":{"line":4,"column":143}},"type":"cond-expr","locations":[{"start":{"line":4,"column":94},"end":{"line":4,"column":98}},{"start":{"line":4,"column":101},"end":{"line":4,"column":143}}],"line":4},"8":{"loc":{"start":{"line":4,"column":101},"end":{"line":4,"column":143}},"type":"cond-expr","locations":[{"start":{"line":4,"column":109},"end":{"line":4,"column":126}},{"start":{"line":4,"column":129},"end":{"line":4,"column":143}}],"line":4},"9":{"loc":{"start":{"line":5,"column":11},"end":{"line":5,"column":62}},"type":"binary-expr","locations":[{"start":{"line":5,"column":11},"end":{"line":5,"column":16}},{"start":{"line":5,"column":20},"end":{"line":5,"column":21}},{"start":{"line":5,"column":25},"end":{"line":5,"column":62}}],"line":5},"10":{"loc":{"start":{"line":7,"column":17},"end":{"line":9,"column":1}},"type":"binary-expr","locations":[{"start":{"line":7,"column":18},"end":{"line":7,"column":22}},{"start":{"line":7,"column":26},"end":{"line":7,"column":41}},{"start":{"line":7,"column":46},"end":{"line":9,"column":1}}],"line":7},"11":{"loc":{"start":{"line":8,"column":4},"end":{"line":8,"column":109}},"type":"if","locations":[{"start":{"line":8,"column":4},"end":{"line":8,"column":109}},{"start":{"line":8,"column":4},"end":{"line":8,"column":109}}],"line":8},"12":{"loc":{"start":{"line":8,"column":8},"end":{"line":8,"column":77}},"type":"binary-expr","locations":[{"start":{"line":8,"column":8},"end":{"line":8,"column":35}},{"start":{"line":8,"column":39},"end":{"line":8,"column":77}}],"line":8},"13":{"loc":{"start":{"line":31,"column":30},"end":{"line":31,"column":110}},"type":"binary-expr","locations":[{"start":{"line":31,"column":30},"end":{"line":31,"column":94}},{"start":{"line":31,"column":98},"end":{"line":31,"column":100}},{"start":{"line":31,"column":104},"end":{"line":31,"column":110}}],"line":31},"14":{"loc":{"start":{"line":31,"column":43},"end":{"line":31,"column":78}},"type":"binary-expr","locations":[{"start":{"line":31,"column":43},"end":{"line":31,"column":70}},{"start":{"line":31,"column":74},"end":{"line":31,"column":78}}],"line":31},"15":{"loc":{"start":{"line":35,"column":30},"end":{"line":35,"column":110}},"type":"binary-expr","locations":[{"start":{"line":35,"column":30},"end":{"line":35,"column":94}},{"start":{"line":35,"column":98},"end":{"line":35,"column":100}},{"start":{"line":35,"column":104},"end":{"line":35,"column":110}}],"line":35},"16":{"loc":{"start":{"line":35,"column":43},"end":{"line":35,"column":78}},"type":"binary-expr","locations":[{"start":{"line":35,"column":43},"end":{"line":35,"column":70}},{"start":{"line":35,"column":74},"end":{"line":35,"column":78}}],"line":35}},"s":{"0":1,"1":4,"2":4,"3":4,"4":4,"5":0,"6":0,"7":0,"8":4,"9":1,"10":4,"11":4,"12":1,"13":1,"14":1,"15":1,"16":1,"17":1},"f":{"0":4,"1":4,"2":1,"3":1},"b":{"0":[1,0,1],"1":[0,4],"2":[0,4],"3":[4,0],"4":[4,4],"5":[0,0],"6":[0,0],"7":[0,0],"8":[0,0],"9":[4,4,0],"10":[1,0,1],"11":[4,0],"12":[4,4],"13":[1,1,0],"14":[1,1],"15":[1,1,0],"16":[1,1]},"inputSourceMap":{"version":3,"file":"note.model.js","sourceRoot":"","sources":["note.model.ts"],"names":[],"mappings":";;;;;;;;;;AAAA,OAAO,EAAE,SAAS,EAAE,aAAa,EAAE,MAAM,yBAAyB,CAAC;AACnE,OAAO,EAAE,IAAI,EAAa,MAAM,WAAW,CAAC;AAG5C,MAAM,WAAY,SAAQ,SAAe;IAUrC,MAAM,KAAK,KAAK;QACZ,OAAO,IAAI,IAAI,EAAE,CAAC,gBAAgB,CAAC,IAAI,EAAE,EAAE,aAAa,EAAE,CAAC,CAAC;IAChE,CAAC;IAED,MAAM,KAAK,SAAS;QAChB,OAAO,IAAI,CAAC,KAAK,CAAC,SAAS,CAAC;IAChC,CAAC;CACJ;AAfG;IADC,IAAI,CAAC,EAAC,OAAO,EAAE,KAAK,EAAC,CAAC;;yCACF;AAErB;IADC,IAAI,CAAC,EAAC,QAAQ,EAAE,CAAC,IAAI,EAAE,kBAAkB,CAAC,EAAE,CAAC;;kCACjC;AAEb;IADC,IAAI,CAAC,EAAE,OAAO,EAAE,IAAI,CAAC,GAAG,EAAE,EAAE,CAAC;kDACjB,IAAI,oBAAJ,IAAI;yCAAC;AAElB;IADC,IAAI,CAAC,EAAE,OAAO,EAAE,IAAI,CAAC,GAAG,EAAE,EAAE,CAAC;kDACjB,IAAI,oBAAJ,IAAI;yCAAC","sourcesContent":["import { BaseModel, schemaOptions } from \"../../shared/base.model\";\r\nimport { prop, ModelType } from \"typegoose\";\r\nimport { ApiModelProperty } from \"@nestjs/swagger\";\r\n\r\nexport class Note extends BaseModel<Note> {\r\n    @prop({default: false})\r\n    isCompleted: boolean;\r\n    @prop({required: [true, 'Text is required'] })\r\n    text: string;\r\n    @prop({ default: Date.now() })\r\n    createdDate: Date;\r\n    @prop({ default: Date.now() })\r\n    updatedDate: Date;\r\n\r\n    static get model(): ModelType<Note>{\r\n        return new Note().getModelForClass(Note, { schemaOptions });\r\n    }\r\n\r\n    static get modelName(): string {\r\n        return this.model.modelName;\r\n    } \r\n}"]},"_coverageSchema":"332fd63041d2c1bcb487cc26dd0d5f7d97098a6c","hash":"7de7670fd96578d1024e430cb9a400358e37a081"}
,"C:\\Users\\Usuario\\nestjs-workshop-2018\\src\\shared\\base.model.ts": {"path":"C:\\Users\\Usuario\\nestjs-workshop-2018\\src\\shared\\base.model.ts","statementMap":{"0":{"start":{"line":1,"column":17},"end":{"line":6,"column":1}},"1":{"start":{"line":2,"column":12},"end":{"line":2,"column":28}},"2":{"start":{"line":2,"column":34},"end":{"line":2,"column":125}},"3":{"start":{"line":3,"column":4},"end":{"line":4,"column":150}},"4":{"start":{"line":3,"column":79},"end":{"line":3,"column":131}},"5":{"start":{"line":4,"column":9},"end":{"line":4,"column":150}},"6":{"start":{"line":4,"column":58},"end":{"line":4,"column":150}},"7":{"start":{"line":4,"column":81},"end":{"line":4,"column":150}},"8":{"start":{"line":5,"column":4},"end":{"line":5,"column":66}},"9":{"start":{"line":7,"column":17},"end":{"line":9,"column":1}},"10":{"start":{"line":8,"column":4},"end":{"line":8,"column":109}},"11":{"start":{"line":8,"column":79},"end":{"line":8,"column":109}},"12":{"start":{"line":13,"column":16},"end":{"line":14,"column":1}},"13":{"start":{"line":15,"column":0},"end":{"line":18,"column":45}},"14":{"start":{"line":19,"column":0},"end":{"line":22,"column":45}},"15":{"start":{"line":23,"column":0},"end":{"line":28,"column":14}},"16":{"start":{"line":25,"column":8},"end":{"line":25,"column":54}},"17":{"start":{"line":26,"column":8},"end":{"line":26,"column":15}},"18":{"start":{"line":32,"column":0},"end":{"line":35,"column":47}},"19":{"start":{"line":36,"column":0},"end":{"line":39,"column":47}},"20":{"start":{"line":40,"column":0},"end":{"line":43,"column":40}},"21":{"start":{"line":44,"column":29},"end":{"line":49,"column":1}}},"fnMap":{"0":{"name":"(anonymous_0)","decl":{"start":{"line":1,"column":46},"end":{"line":1,"column":47}},"loc":{"start":{"line":1,"column":87},"end":{"line":6,"column":1}},"line":1},"1":{"name":"(anonymous_1)","decl":{"start":{"line":7,"column":46},"end":{"line":7,"column":47}},"loc":{"start":{"line":7,"column":62},"end":{"line":9,"column":1}},"line":7},"2":{"name":"(anonymous_2)","decl":{"start":{"line":24,"column":28},"end":{"line":24,"column":29}},"loc":{"start":{"line":24,"column":44},"end":{"line":27,"column":5}},"line":24}},"branchMap":{"0":{"loc":{"start":{"line":1,"column":17},"end":{"line":6,"column":1}},"type":"binary-expr","locations":[{"start":{"line":1,"column":18},"end":{"line":1,"column":22}},{"start":{"line":1,"column":26},"end":{"line":1,"column":41}},{"start":{"line":1,"column":46},"end":{"line":6,"column":1}}],"line":1},"1":{"loc":{"start":{"line":2,"column":34},"end":{"line":2,"column":125}},"type":"cond-expr","locations":[{"start":{"line":2,"column":42},"end":{"line":2,"column":48}},{"start":{"line":2,"column":51},"end":{"line":2,"column":125}}],"line":2},"2":{"loc":{"start":{"line":2,"column":51},"end":{"line":2,"column":125}},"type":"cond-expr","locations":[{"start":{"line":2,"column":67},"end":{"line":2,"column":118}},{"start":{"line":2,"column":121},"end":{"line":2,"column":125}}],"line":2},"3":{"loc":{"start":{"line":3,"column":4},"end":{"line":4,"column":150}},"type":"if","locations":[{"start":{"line":3,"column":4},"end":{"line":4,"column":150}},{"start":{"line":3,"column":4},"end":{"line":4,"column":150}}],"line":3},"4":{"loc":{"start":{"line":3,"column":8},"end":{"line":3,"column":77}},"type":"binary-expr","locations":[{"start":{"line":3,"column":8},"end":{"line":3,"column":35}},{"start":{"line":3,"column":39},"end":{"line":3,"column":77}}],"line":3},"5":{"loc":{"start":{"line":4,"column":58},"end":{"line":4,"column":150}},"type":"if","locations":[{"start":{"line":4,"column":58},"end":{"line":4,"column":150}},{"start":{"line":4,"column":58},"end":{"line":4,"column":150}}],"line":4},"6":{"loc":{"start":{"line":4,"column":85},"end":{"line":4,"column":149}},"type":"binary-expr","locations":[{"start":{"line":4,"column":86},"end":{"line":4,"column":143}},{"start":{"line":4,"column":148},"end":{"line":4,"column":149}}],"line":4},"7":{"loc":{"start":{"line":4,"column":86},"end":{"line":4,"column":143}},"type":"cond-expr","locations":[{"start":{"line":4,"column":94},"end":{"line":4,"column":98}},{"start":{"line":4,"column":101},"end":{"line":4,"column":143}}],"line":4},"8":{"loc":{"start":{"line":4,"column":101},"end":{"line":4,"column":143}},"type":"cond-expr","locations":[{"start":{"line":4,"column":109},"end":{"line":4,"column":126}},{"start":{"line":4,"column":129},"end":{"line":4,"column":143}}],"line":4},"9":{"loc":{"start":{"line":5,"column":11},"end":{"line":5,"column":62}},"type":"binary-expr","locations":[{"start":{"line":5,"column":11},"end":{"line":5,"column":16}},{"start":{"line":5,"column":20},"end":{"line":5,"column":21}},{"start":{"line":5,"column":25},"end":{"line":5,"column":62}}],"line":5},"10":{"loc":{"start":{"line":7,"column":17},"end":{"line":9,"column":1}},"type":"binary-expr","locations":[{"start":{"line":7,"column":18},"end":{"line":7,"column":22}},{"start":{"line":7,"column":26},"end":{"line":7,"column":41}},{"start":{"line":7,"column":46},"end":{"line":9,"column":1}}],"line":7},"11":{"loc":{"start":{"line":8,"column":4},"end":{"line":8,"column":109}},"type":"if","locations":[{"start":{"line":8,"column":4},"end":{"line":8,"column":109}},{"start":{"line":8,"column":4},"end":{"line":8,"column":109}}],"line":8},"12":{"loc":{"start":{"line":8,"column":8},"end":{"line":8,"column":77}},"type":"binary-expr","locations":[{"start":{"line":8,"column":8},"end":{"line":8,"column":35}},{"start":{"line":8,"column":39},"end":{"line":8,"column":77}}],"line":8},"13":{"loc":{"start":{"line":17,"column":30},"end":{"line":17,"column":110}},"type":"binary-expr","locations":[{"start":{"line":17,"column":30},"end":{"line":17,"column":94}},{"start":{"line":17,"column":98},"end":{"line":17,"column":100}},{"start":{"line":17,"column":104},"end":{"line":17,"column":110}}],"line":17},"14":{"loc":{"start":{"line":17,"column":43},"end":{"line":17,"column":78}},"type":"binary-expr","locations":[{"start":{"line":17,"column":43},"end":{"line":17,"column":70}},{"start":{"line":17,"column":74},"end":{"line":17,"column":78}}],"line":17},"15":{"loc":{"start":{"line":21,"column":30},"end":{"line":21,"column":110}},"type":"binary-expr","locations":[{"start":{"line":21,"column":30},"end":{"line":21,"column":94}},{"start":{"line":21,"column":98},"end":{"line":21,"column":100}},{"start":{"line":21,"column":104},"end":{"line":21,"column":110}}],"line":21},"16":{"loc":{"start":{"line":21,"column":43},"end":{"line":21,"column":78}},"type":"binary-expr","locations":[{"start":{"line":21,"column":43},"end":{"line":21,"column":70}},{"start":{"line":21,"column":74},"end":{"line":21,"column":78}}],"line":21},"17":{"loc":{"start":{"line":34,"column":30},"end":{"line":34,"column":110}},"type":"binary-expr","locations":[{"start":{"line":34,"column":30},"end":{"line":34,"column":94}},{"start":{"line":34,"column":98},"end":{"line":34,"column":100}},{"start":{"line":34,"column":104},"end":{"line":34,"column":110}}],"line":34},"18":{"loc":{"start":{"line":34,"column":43},"end":{"line":34,"column":78}},"type":"binary-expr","locations":[{"start":{"line":34,"column":43},"end":{"line":34,"column":70}},{"start":{"line":34,"column":74},"end":{"line":34,"column":78}}],"line":34},"19":{"loc":{"start":{"line":38,"column":30},"end":{"line":38,"column":110}},"type":"binary-expr","locations":[{"start":{"line":38,"column":30},"end":{"line":38,"column":94}},{"start":{"line":38,"column":98},"end":{"line":38,"column":100}},{"start":{"line":38,"column":104},"end":{"line":38,"column":110}}],"line":38},"20":{"loc":{"start":{"line":38,"column":43},"end":{"line":38,"column":78}},"type":"binary-expr","locations":[{"start":{"line":38,"column":43},"end":{"line":38,"column":70}},{"start":{"line":38,"column":74},"end":{"line":38,"column":78}}],"line":38}},"s":{"0":2,"1":12,"2":12,"3":12,"4":12,"5":0,"6":0,"7":0,"8":12,"9":2,"10":10,"11":10,"12":2,"13":2,"14":2,"15":2,"16":0,"17":0,"18":2,"19":2,"20":2,"21":2},"f":{"0":12,"1":10,"2":0},"b":{"0":[2,0,2],"1":[2,10],"2":[0,10],"3":[12,0],"4":[12,12],"5":[0,0],"6":[0,0],"7":[0,0],"8":[0,0],"9":[12,10,0],"10":[2,0,2],"11":[10,0],"12":[10,10],"13":[2,2,0],"14":[2,2],"15":[2,2,0],"16":[2,2],"17":[2,2,0],"18":[2,2],"19":[2,2,0],"20":[2,2]},"inputSourceMap":{"version":3,"file":"base.model.js","sourceRoot":"","sources":["base.model.ts"],"names":[],"mappings":";;;;;;;;;;AACA,OAAO,EAAE,wBAAwB,EAAE,MAAM,iBAAiB,CAAC;AAC3D,OAAO,EAAE,SAAS,EAAE,IAAI,EAAE,GAAG,EAAE,MAAM,WAAW,CAAC;AAOjD,IAAa,SAAS,GAAtB,eAA0B,SAAQ,SAAS;CAQ1C,CAAA;AANG;IADC,IAAI,CAAE,EAAE,OAAO,EAAE,IAAI,CAAC,GAAG,EAAE,EAAE,CAAC;kDAClB,IAAI,oBAAJ,IAAI;4CAAC;AAGlB;IADC,IAAI,CAAE,EAAE,OAAO,EAAE,IAAI,CAAC,GAAG,EAAE,EAAE,CAAC;kDAClB,IAAI,oBAAJ,IAAI;4CAAC;AALT,SAAS;IALrB,GAAG,CAAI,kBAAkB,EAAE,UAAS,IAAI;QACrC,IAAI,CAAC,OAAO,CAAC,SAAS,GAAG,IAAI,IAAI,CAAC,IAAI,CAAC,GAAG,EAAE,CAAC,CAAC;QAC9C,IAAI,EAAE,CAAC;IACX,CAAC,CAAC;GAEW,SAAS,CAQrB;SARY,SAAS;AAUtB,MAAM;CASL;AAPG;IADC,wBAAwB,CAAC,EAAC,IAAI,EAAE,MAAM,EAAE,MAAM,EAAE,WAAW,EAAC,CAAC;kDACjD,IAAI,oBAAJ,IAAI;8CAAC;AAGlB;IADC,wBAAwB,CAAC,EAAC,IAAI,EAAE,MAAM,EAAE,MAAM,EAAE,WAAW,EAAC,CAAC;kDACjD,IAAI,oBAAJ,IAAI;8CAAC;AAGlB;IADC,wBAAwB,EAAE;;uCACd;AAGjB,MAAM,CAAC,MAAM,aAAa,GAAkB;IACxC,MAAM,EAAE;QACJ,QAAQ,EAAE,IAAI;QACd,OAAO,EAAE,IAAI;KAChB;CACJ,CAAC","sourcesContent":["import { SchemaOptions } from 'mongoose';\r\nimport { ApiModelPropertyOptional } from '@nestjs/swagger';\r\nimport { Typegoose, prop, pre } from 'typegoose';\r\n \r\n@pre<T>('findOneAndUpdate', function(next){\r\n    this._update.updatedAt = new Date(Date.now());\r\n    next();\r\n})\r\n\r\nexport class BaseModel<T> extends Typegoose {\r\n    @prop ({ default: Date.now() })\r\n    createdAt ?: Date;\r\n\r\n    @prop ({ default: Date.now() })\r\n    updatedAt ?: Date;\r\n\r\n    id?: string;\r\n}\r\n\r\nexport class BaseModelVm {\r\n    @ApiModelPropertyOptional({type: String, format: 'date-time'})\r\n    createdAt ?: Date;\r\n\r\n    @ApiModelPropertyOptional({type: String, format: 'date-time'})\r\n    updatedAt ?: Date;\r\n\r\n    @ApiModelPropertyOptional()\r\n    id ?: string;\r\n}\r\n\r\nexport const schemaOptions: SchemaOptions = {\r\n    toJSON: {\r\n        virtuals: true,\r\n        getters: true,\r\n    },\r\n}; "]},"_coverageSchema":"332fd63041d2c1bcb487cc26dd0d5f7d97098a6c","hash":"855b3038a4bff6cd1edbe05b4d26079bf2a308ea"}
,"C:\\Users\\Usuario\\nestjs-workshop-2018\\src\\shared\\base.service.ts": {"path":"C:\\Users\\Usuario\\nestjs-workshop-2018\\src\\shared\\base.service.ts","statementMap":{"0":{"start":{"line":1,"column":16},"end":{"line":8,"column":1}},"1":{"start":{"line":2,"column":4},"end":{"line":7,"column":7}},"2":{"start":{"line":3,"column":36},"end":{"line":3,"column":97}},"3":{"start":{"line":3,"column":42},"end":{"line":3,"column":70}},"4":{"start":{"line":3,"column":85},"end":{"line":3,"column":95}},"5":{"start":{"line":4,"column":35},"end":{"line":4,"column":100}},"6":{"start":{"line":4,"column":41},"end":{"line":4,"column":73}},"7":{"start":{"line":4,"column":88},"end":{"line":4,"column":98}},"8":{"start":{"line":5,"column":32},"end":{"line":5,"column":149}},"9":{"start":{"line":5,"column":97},"end":{"line":5,"column":119}},"10":{"start":{"line":6,"column":8},"end":{"line":6,"column":78}},"11":{"start":{"line":13,"column":8},"end":{"line":13,"column":37}},"12":{"start":{"line":16,"column":8},"end":{"line":16,"column":44}},"13":{"start":{"line":19,"column":8},"end":{"line":23,"column":11}},"14":{"start":{"line":20,"column":31},"end":{"line":20,"column":105}},"15":{"start":{"line":21,"column":35},"end":{"line":21,"column":127}},"16":{"start":{"line":22,"column":12},"end":{"line":22,"column":72}},"17":{"start":{"line":26,"column":8},"end":{"line":28,"column":11}},"18":{"start":{"line":27,"column":12},"end":{"line":27,"column":51}},"19":{"start":{"line":31,"column":8},"end":{"line":33,"column":11}},"20":{"start":{"line":32,"column":12},"end":{"line":32,"column":54}},"21":{"start":{"line":36,"column":8},"end":{"line":38,"column":11}},"22":{"start":{"line":37,"column":12},"end":{"line":37,"column":68}},"23":{"start":{"line":41,"column":8},"end":{"line":43,"column":11}},"24":{"start":{"line":42,"column":12},"end":{"line":42,"column":44}},"25":{"start":{"line":46,"column":8},"end":{"line":48,"column":11}},"26":{"start":{"line":47,"column":12},"end":{"line":47,"column":77}},"27":{"start":{"line":51,"column":8},"end":{"line":53,"column":11}},"28":{"start":{"line":52,"column":12},"end":{"line":52,"column":98}},"29":{"start":{"line":56,"column":8},"end":{"line":58,"column":11}},"30":{"start":{"line":57,"column":12},"end":{"line":57,"column":57}},"31":{"start":{"line":61,"column":8},"end":{"line":61,"column":34}}},"fnMap":{"0":{"name":"(anonymous_0)","decl":{"start":{"line":1,"column":44},"end":{"line":1,"column":45}},"loc":{"start":{"line":1,"column":89},"end":{"line":8,"column":1}},"line":1},"1":{"name":"(anonymous_1)","decl":{"start":{"line":2,"column":36},"end":{"line":2,"column":37}},"loc":{"start":{"line":2,"column":63},"end":{"line":7,"column":5}},"line":2},"2":{"name":"fulfilled","decl":{"start":{"line":3,"column":17},"end":{"line":3,"column":26}},"loc":{"start":{"line":3,"column":34},"end":{"line":3,"column":99}},"line":3},"3":{"name":"rejected","decl":{"start":{"line":4,"column":17},"end":{"line":4,"column":25}},"loc":{"start":{"line":4,"column":33},"end":{"line":4,"column":102}},"line":4},"4":{"name":"step","decl":{"start":{"line":5,"column":17},"end":{"line":5,"column":21}},"loc":{"start":{"line":5,"column":30},"end":{"line":5,"column":151}},"line":5},"5":{"name":"(anonymous_5)","decl":{"start":{"line":5,"column":76},"end":{"line":5,"column":77}},"loc":{"start":{"line":5,"column":95},"end":{"line":5,"column":121}},"line":5},"6":{"name":"(anonymous_6)","decl":{"start":{"line":12,"column":4},"end":{"line":12,"column":5}},"loc":{"start":{"line":12,"column":20},"end":{"line":14,"column":5}},"line":12},"7":{"name":"(anonymous_7)","decl":{"start":{"line":15,"column":4},"end":{"line":15,"column":5}},"loc":{"start":{"line":15,"column":24},"end":{"line":17,"column":5}},"line":15},"8":{"name":"(anonymous_8)","decl":{"start":{"line":18,"column":4},"end":{"line":18,"column":5}},"loc":{"start":{"line":18,"column":60},"end":{"line":24,"column":5}},"line":18},"9":{"name":"(anonymous_9)","decl":{"start":{"line":19,"column":47},"end":{"line":19,"column":48}},"loc":{"start":{"line":19,"column":60},"end":{"line":23,"column":9}},"line":19},"10":{"name":"(anonymous_10)","decl":{"start":{"line":25,"column":4},"end":{"line":25,"column":5}},"loc":{"start":{"line":25,"column":25},"end":{"line":29,"column":5}},"line":25},"11":{"name":"(anonymous_11)","decl":{"start":{"line":26,"column":47},"end":{"line":26,"column":48}},"loc":{"start":{"line":26,"column":60},"end":{"line":28,"column":9}},"line":26},"12":{"name":"(anonymous_12)","decl":{"start":{"line":30,"column":4},"end":{"line":30,"column":5}},"loc":{"start":{"line":30,"column":25},"end":{"line":34,"column":5}},"line":30},"13":{"name":"(anonymous_13)","decl":{"start":{"line":31,"column":47},"end":{"line":31,"column":48}},"loc":{"start":{"line":31,"column":60},"end":{"line":33,"column":9}},"line":31},"14":{"name":"(anonymous_14)","decl":{"start":{"line":35,"column":4},"end":{"line":35,"column":5}},"loc":{"start":{"line":35,"column":17},"end":{"line":39,"column":5}},"line":35},"15":{"name":"(anonymous_15)","decl":{"start":{"line":36,"column":47},"end":{"line":36,"column":48}},"loc":{"start":{"line":36,"column":60},"end":{"line":38,"column":9}},"line":36},"16":{"name":"(anonymous_16)","decl":{"start":{"line":40,"column":4},"end":{"line":40,"column":5}},"loc":{"start":{"line":40,"column":17},"end":{"line":44,"column":5}},"line":40},"17":{"name":"(anonymous_17)","decl":{"start":{"line":41,"column":47},"end":{"line":41,"column":48}},"loc":{"start":{"line":41,"column":60},"end":{"line":43,"column":9}},"line":41},"18":{"name":"(anonymous_18)","decl":{"start":{"line":45,"column":4},"end":{"line":45,"column":5}},"loc":{"start":{"line":45,"column":15},"end":{"line":49,"column":5}},"line":45},"19":{"name":"(anonymous_19)","decl":{"start":{"line":46,"column":47},"end":{"line":46,"column":48}},"loc":{"start":{"line":46,"column":60},"end":{"line":48,"column":9}},"line":46},"20":{"name":"(anonymous_20)","decl":{"start":{"line":50,"column":4},"end":{"line":50,"column":5}},"loc":{"start":{"line":50,"column":21},"end":{"line":54,"column":5}},"line":50},"21":{"name":"(anonymous_21)","decl":{"start":{"line":51,"column":47},"end":{"line":51,"column":48}},"loc":{"start":{"line":51,"column":60},"end":{"line":53,"column":9}},"line":51},"22":{"name":"(anonymous_22)","decl":{"start":{"line":55,"column":4},"end":{"line":55,"column":5}},"loc":{"start":{"line":55,"column":33},"end":{"line":59,"column":5}},"line":55},"23":{"name":"(anonymous_23)","decl":{"start":{"line":56,"column":47},"end":{"line":56,"column":48}},"loc":{"start":{"line":56,"column":60},"end":{"line":58,"column":9}},"line":56},"24":{"name":"(anonymous_24)","decl":{"start":{"line":60,"column":4},"end":{"line":60,"column":5}},"loc":{"start":{"line":60,"column":19},"end":{"line":62,"column":5}},"line":60}},"branchMap":{"0":{"loc":{"start":{"line":1,"column":16},"end":{"line":8,"column":1}},"type":"binary-expr","locations":[{"start":{"line":1,"column":17},"end":{"line":1,"column":21}},{"start":{"line":1,"column":25},"end":{"line":1,"column":39}},{"start":{"line":1,"column":44},"end":{"line":8,"column":1}}],"line":1},"1":{"loc":{"start":{"line":2,"column":16},"end":{"line":2,"column":34}},"type":"binary-expr","locations":[{"start":{"line":2,"column":16},"end":{"line":2,"column":17}},{"start":{"line":2,"column":22},"end":{"line":2,"column":33}}],"line":2},"2":{"loc":{"start":{"line":5,"column":32},"end":{"line":5,"column":148}},"type":"cond-expr","locations":[{"start":{"line":5,"column":46},"end":{"line":5,"column":67}},{"start":{"line":5,"column":70},"end":{"line":5,"column":148}}],"line":5},"3":{"loc":{"start":{"line":6,"column":51},"end":{"line":6,"column":67}},"type":"binary-expr","locations":[{"start":{"line":6,"column":51},"end":{"line":6,"column":61}},{"start":{"line":6,"column":65},"end":{"line":6,"column":67}}],"line":6},"4":{"loc":{"start":{"line":18,"column":16},"end":{"line":18,"column":31}},"type":"default-arg","locations":[{"start":{"line":18,"column":26},"end":{"line":18,"column":31}}],"line":18},"5":{"loc":{"start":{"line":20,"column":31},"end":{"line":20,"column":105}},"type":"cond-expr","locations":[{"start":{"line":20,"column":41},"end":{"line":20,"column":75}},{"start":{"line":20,"column":78},"end":{"line":20,"column":105}}],"line":20},"6":{"loc":{"start":{"line":20,"column":44},"end":{"line":20,"column":71}},"type":"binary-expr","locations":[{"start":{"line":20,"column":44},"end":{"line":20,"column":53}},{"start":{"line":20,"column":57},"end":{"line":20,"column":71}}],"line":20},"7":{"loc":{"start":{"line":20,"column":78},"end":{"line":20,"column":105}},"type":"binary-expr","locations":[{"start":{"line":20,"column":78},"end":{"line":20,"column":87}},{"start":{"line":20,"column":91},"end":{"line":20,"column":105}}],"line":20},"8":{"loc":{"start":{"line":21,"column":35},"end":{"line":21,"column":127}},"type":"cond-expr","locations":[{"start":{"line":21,"column":45},"end":{"line":21,"column":88}},{"start":{"line":21,"column":91},"end":{"line":21,"column":127}}],"line":21},"9":{"loc":{"start":{"line":21,"column":48},"end":{"line":21,"column":84}},"type":"binary-expr","locations":[{"start":{"line":21,"column":48},"end":{"line":21,"column":62}},{"start":{"line":21,"column":66},"end":{"line":21,"column":84}}],"line":21},"10":{"loc":{"start":{"line":21,"column":91},"end":{"line":21,"column":127}},"type":"binary-expr","locations":[{"start":{"line":21,"column":91},"end":{"line":21,"column":105}},{"start":{"line":21,"column":109},"end":{"line":21,"column":127}}],"line":21},"11":{"loc":{"start":{"line":25,"column":12},"end":{"line":25,"column":23}},"type":"default-arg","locations":[{"start":{"line":25,"column":21},"end":{"line":25,"column":23}}],"line":25},"12":{"loc":{"start":{"line":30,"column":12},"end":{"line":30,"column":23}},"type":"default-arg","locations":[{"start":{"line":30,"column":21},"end":{"line":30,"column":23}}],"line":30},"13":{"loc":{"start":{"line":55,"column":20},"end":{"line":55,"column":31}},"type":"default-arg","locations":[{"start":{"line":55,"column":29},"end":{"line":55,"column":31}}],"line":55}},"s":{"0":2,"1":0,"2":0,"3":0,"4":0,"5":0,"6":0,"7":0,"8":0,"9":0,"10":0,"11":0,"12":0,"13":0,"14":0,"15":0,"16":0,"17":0,"18":0,"19":0,"20":0,"21":0,"22":0,"23":0,"24":0,"25":0,"26":0,"27":0,"28":0,"29":0,"30":0,"31":0},"f":{"0":0,"1":0,"2":0,"3":0,"4":0,"5":0,"6":0,"7":0,"8":0,"9":0,"10":0,"11":0,"12":0,"13":0,"14":0,"15":0,"16":0,"17":0,"18":0,"19":0,"20":0,"21":0,"22":0,"23":0,"24":0},"b":{"0":[2,0,2],"1":[0,0],"2":[0,0],"3":[0,0],"4":[0],"5":[0,0],"6":[0,0],"7":[0,0],"8":[0,0],"9":[0,0],"10":[0,0],"11":[0],"12":[0],"13":[0]},"inputSourceMap":{"version":3,"file":"base.service.js","sourceRoot":"","sources":["base.service.ts"],"names":[],"mappings":";;;;;;;;AAAA,OAAO,+BAA+B,CAAC;AACvC,OAAO,EAAmB,KAAK,EAAE,MAAM,UAAU,CAAC;AAGlD,MAAM;IAKF,IAAY,SAAS;QACjB,OAAO,IAAI,CAAC,MAAM,CAAC,SAAS,CAAC;IACjC,CAAC;IAED,IAAY,aAAa;QACrB,OAAO,GAAG,IAAI,CAAC,MAAM,CAAC,SAAS,IAAI,CAAC;IACxC,CAAC;IAEK,GAAG,CAAI,MAA6D,EAAE,UAAmB,KAAK,EAAE,SAAmB,EAAE,cAAwB;;YAC/I,MAAM,UAAU,GAAG,OAAO,CAAC,CAAC,CAAC,GAAG,SAAS,IAAI,IAAI,CAAC,SAAS,IAAI,CAAC,CAAC,CAAC,SAAS,IAAI,IAAI,CAAC,SAAS,CAAC;YAC9F,MAAM,cAAc,GAAG,OAAO,CAAC,CAAC,CAAC,GAAG,cAAc,IAAI,IAAI,CAAC,aAAa,IAAI,CAAC,CAAC,CAAC,cAAc,IAAI,IAAI,CAAC,aAAa,CAAC;YAEpH,OAAO,IAAI,CAAC,OAAO,CAAC,GAAG,CAAC,UAAU,EAAE,cAAc,EAAE,MAAM,CAAC,CAAC;QAChE,CAAC;KAAA;IAEK,OAAO,CAAC,MAAM,GAAG,EAAE;;YACrB,OAAO,IAAI,CAAC,MAAM,CAAC,IAAI,CAAC,MAAM,CAAC,CAAC,IAAI,EAAE,CAAC;QAC3C,CAAC;KAAA;IAEK,OAAO,CAAC,MAAM,GAAG,EAAE;;YACrB,OAAO,IAAI,CAAC,MAAM,CAAC,OAAO,CAAC,MAAM,CAAC,CAAC,IAAI,EAAE,CAAC;QAC9C,CAAC;KAAA;IAEK,QAAQ,CAAC,EAAU;;YACrB,OAAO,IAAI,CAAC,MAAM,CAAC,QAAQ,CAAC,IAAI,CAAC,UAAU,CAAC,EAAE,CAAC,CAAC,CAAC,IAAI,EAAE,CAAC;QAC5D,CAAC;KAAA;IAEK,MAAM,CAAC,IAAqB;;YAC9B,OAAO,IAAI,CAAC,MAAM,CAAC,MAAM,CAAC,IAAI,CAAC,CAAC;QACpC,CAAC;KAAA;IAEK,MAAM,CAAC,EAAU;;YACnB,OAAO,IAAI,CAAC,MAAM,CAAC,iBAAiB,CAAC,IAAI,CAAC,UAAU,CAAC,EAAE,CAAC,CAAC,CAAC,IAAI,EAAE,CAAC;QACrE,CAAC;KAAA;IAEK,MAAM,CAAC,EAAU,EAAE,IAAqB;;YAC1C,OAAO,IAAI,CAAC,MAAM,CAAC,iBAAiB,CAAC,IAAI,CAAC,UAAU,CAAC,EAAE,CAAC,EAAE,IAAI,EAAE,EAAE,GAAG,EAAE,IAAI,EAAE,CAAC,CAAC,IAAI,EAAE,CAAC;QAC1F,CAAC;KAAA;IAEK,eAAe,CAAC,MAAM,GAAG,EAAE;;YAC7B,OAAO,IAAI,CAAC,MAAM,CAAC,UAAU,CAAC,MAAM,CAAC,CAAC,IAAI,EAAE,CAAC;QACjD,CAAC;KAAA;IAEO,UAAU,CAAC,EAAU;QACzB,OAAO,KAAK,CAAC,QAAQ,CAAC,EAAE,CAAC,CAAC;IAC9B,CAAC;CACJ","sourcesContent":["import 'automapper-ts/dist/automapper';\r\nimport { Document, Model, Types } from 'mongoose'; \r\nimport { Typegoose, ModelType, InstanceType } from 'typegoose';\r\n\r\nexport abstract class BaseService<T extends Typegoose> {\r\n\r\n    protected _model: ModelType<T>;\r\n    protected _mapper: AutoMapperJs.AutoMapper;\r\n\r\n    private get modelName(): string {\r\n        return this._model.modelName;\r\n    }\r\n\r\n    private get viewModelName(): string {\r\n        return `${this._model.modelName}Vm`;\r\n    }\r\n\r\n    async map<K>(object: Partial<InstanceType<T>> | Partial<InstanceType<T>>[], isArray: boolean = false, sourceKey ?: string, destinationKey ?: string): Promise<K> {\r\n        const _sourceKey = isArray ? `${sourceKey || this.modelName}[]` : sourceKey || this.modelName;\r\n        const _destinaionKey = isArray ? `${destinationKey || this.viewModelName}[]` : destinationKey || this.viewModelName;\r\n\r\n        return this._mapper.map(_sourceKey, _destinaionKey, object);\r\n    }\r\n\r\n    async findAll(filter = {}): Promise<InstanceType<T>[]> {\r\n        return this._model.find(filter).exec();\r\n    }\r\n\r\n    async findOne(filter = {}): Promise<InstanceType<T>> {\r\n        return this._model.findOne(filter).exec();\r\n    }\r\n\r\n    async findById(id: string): Promise<InstanceType<T>> {\r\n        return this._model.findById(this.toObjectId(id)).exec();\r\n    }\r\n\r\n    async create(item: InstanceType<T>): Promise<InstanceType<T>> {\r\n        return this._model.create(item);\r\n    }\r\n\r\n    async delete(id: string): Promise<InstanceType<T>> {\r\n        return this._model.findByIdAndRemove(this.toObjectId(id)).exec();\r\n    }\r\n\r\n    async update(id: string, item: InstanceType<T>): Promise<InstanceType<T>> {\r\n        return this._model.findByIdAndUpdate(this.toObjectId(id), item, { new: true }).exec();\r\n    }\r\n\r\n    async clearCollection(filter = {}): Promise<void>{\r\n        return this._model.deleteMany(filter).exec();\r\n    }\r\n\r\n    private toObjectId(id: string): Types.ObjectId {\r\n        return Types.ObjectId(id);\r\n    }\r\n}"]},"_coverageSchema":"332fd63041d2c1bcb487cc26dd0d5f7d97098a6c","hash":"cf38600455684b855f632d367dff38094cc23dd9"}
,"C:\\Users\\Usuario\\nestjs-workshop-2018\\src\\shared\\mapper\\mapper.service.ts": {"path":"C:\\Users\\Usuario\\nestjs-workshop-2018\\src\\shared\\mapper\\mapper.service.ts","statementMap":{"0":{"start":{"line":1,"column":17},"end":{"line":6,"column":1}},"1":{"start":{"line":2,"column":12},"end":{"line":2,"column":28}},"2":{"start":{"line":2,"column":34},"end":{"line":2,"column":125}},"3":{"start":{"line":3,"column":4},"end":{"line":4,"column":150}},"4":{"start":{"line":3,"column":79},"end":{"line":3,"column":131}},"5":{"start":{"line":4,"column":9},"end":{"line":4,"column":150}},"6":{"start":{"line":4,"column":58},"end":{"line":4,"column":150}},"7":{"start":{"line":4,"column":81},"end":{"line":4,"column":150}},"8":{"start":{"line":5,"column":4},"end":{"line":5,"column":66}},"9":{"start":{"line":7,"column":17},"end":{"line":9,"column":1}},"10":{"start":{"line":8,"column":4},"end":{"line":8,"column":109}},"11":{"start":{"line":8,"column":79},"end":{"line":8,"column":109}},"12":{"start":{"line":13,"column":20},"end":{"line":30,"column":1}},"13":{"start":{"line":15,"column":8},"end":{"line":15,"column":33}},"14":{"start":{"line":16,"column":8},"end":{"line":16,"column":32}},"15":{"start":{"line":19,"column":8},"end":{"line":19,"column":58}},"16":{"start":{"line":22,"column":8},"end":{"line":24,"column":64}},"17":{"start":{"line":23,"column":44},"end":{"line":23,"column":57}},"18":{"start":{"line":24,"column":49},"end":{"line":24,"column":62}},"19":{"start":{"line":25,"column":8},"end":{"line":25,"column":91}},"20":{"start":{"line":25,"column":76},"end":{"line":25,"column":89}},"21":{"start":{"line":26,"column":8},"end":{"line":26,"column":95}},"22":{"start":{"line":26,"column":80},"end":{"line":26,"column":93}},"23":{"start":{"line":27,"column":8},"end":{"line":27,"column":89}},"24":{"start":{"line":27,"column":74},"end":{"line":27,"column":87}},"25":{"start":{"line":28,"column":8},"end":{"line":28,"column":93}},"26":{"start":{"line":28,"column":78},"end":{"line":28,"column":91}},"27":{"start":{"line":31,"column":0},"end":{"line":34,"column":18}}},"fnMap":{"0":{"name":"(anonymous_0)","decl":{"start":{"line":1,"column":46},"end":{"line":1,"column":47}},"loc":{"start":{"line":1,"column":87},"end":{"line":6,"column":1}},"line":1},"1":{"name":"(anonymous_1)","decl":{"start":{"line":7,"column":46},"end":{"line":7,"column":47}},"loc":{"start":{"line":7,"column":62},"end":{"line":9,"column":1}},"line":7},"2":{"name":"(anonymous_2)","decl":{"start":{"line":14,"column":4},"end":{"line":14,"column":5}},"loc":{"start":{"line":14,"column":18},"end":{"line":17,"column":5}},"line":14},"3":{"name":"(anonymous_3)","decl":{"start":{"line":18,"column":4},"end":{"line":18,"column":5}},"loc":{"start":{"line":18,"column":23},"end":{"line":20,"column":5}},"line":18},"4":{"name":"(anonymous_4)","decl":{"start":{"line":21,"column":4},"end":{"line":21,"column":5}},"loc":{"start":{"line":21,"column":29},"end":{"line":29,"column":5}},"line":21},"5":{"name":"(anonymous_5)","decl":{"start":{"line":23,"column":36},"end":{"line":23,"column":37}},"loc":{"start":{"line":23,"column":44},"end":{"line":23,"column":57}},"line":23},"6":{"name":"(anonymous_6)","decl":{"start":{"line":24,"column":41},"end":{"line":24,"column":42}},"loc":{"start":{"line":24,"column":49},"end":{"line":24,"column":62}},"line":24},"7":{"name":"(anonymous_7)","decl":{"start":{"line":25,"column":68},"end":{"line":25,"column":69}},"loc":{"start":{"line":25,"column":76},"end":{"line":25,"column":89}},"line":25},"8":{"name":"(anonymous_8)","decl":{"start":{"line":26,"column":72},"end":{"line":26,"column":73}},"loc":{"start":{"line":26,"column":80},"end":{"line":26,"column":93}},"line":26},"9":{"name":"(anonymous_9)","decl":{"start":{"line":27,"column":66},"end":{"line":27,"column":67}},"loc":{"start":{"line":27,"column":74},"end":{"line":27,"column":87}},"line":27},"10":{"name":"(anonymous_10)","decl":{"start":{"line":28,"column":70},"end":{"line":28,"column":71}},"loc":{"start":{"line":28,"column":78},"end":{"line":28,"column":91}},"line":28}},"branchMap":{"0":{"loc":{"start":{"line":1,"column":17},"end":{"line":6,"column":1}},"type":"binary-expr","locations":[{"start":{"line":1,"column":18},"end":{"line":1,"column":22}},{"start":{"line":1,"column":26},"end":{"line":1,"column":41}},{"start":{"line":1,"column":46},"end":{"line":6,"column":1}}],"line":1},"1":{"loc":{"start":{"line":2,"column":34},"end":{"line":2,"column":125}},"type":"cond-expr","locations":[{"start":{"line":2,"column":42},"end":{"line":2,"column":48}},{"start":{"line":2,"column":51},"end":{"line":2,"column":125}}],"line":2},"2":{"loc":{"start":{"line":2,"column":51},"end":{"line":2,"column":125}},"type":"cond-expr","locations":[{"start":{"line":2,"column":67},"end":{"line":2,"column":118}},{"start":{"line":2,"column":121},"end":{"line":2,"column":125}}],"line":2},"3":{"loc":{"start":{"line":3,"column":4},"end":{"line":4,"column":150}},"type":"if","locations":[{"start":{"line":3,"column":4},"end":{"line":4,"column":150}},{"start":{"line":3,"column":4},"end":{"line":4,"column":150}}],"line":3},"4":{"loc":{"start":{"line":3,"column":8},"end":{"line":3,"column":77}},"type":"binary-expr","locations":[{"start":{"line":3,"column":8},"end":{"line":3,"column":35}},{"start":{"line":3,"column":39},"end":{"line":3,"column":77}}],"line":3},"5":{"loc":{"start":{"line":4,"column":58},"end":{"line":4,"column":150}},"type":"if","locations":[{"start":{"line":4,"column":58},"end":{"line":4,"column":150}},{"start":{"line":4,"column":58},"end":{"line":4,"column":150}}],"line":4},"6":{"loc":{"start":{"line":4,"column":85},"end":{"line":4,"column":149}},"type":"binary-expr","locations":[{"start":{"line":4,"column":86},"end":{"line":4,"column":143}},{"start":{"line":4,"column":148},"end":{"line":4,"column":149}}],"line":4},"7":{"loc":{"start":{"line":4,"column":86},"end":{"line":4,"column":143}},"type":"cond-expr","locations":[{"start":{"line":4,"column":94},"end":{"line":4,"column":98}},{"start":{"line":4,"column":101},"end":{"line":4,"column":143}}],"line":4},"8":{"loc":{"start":{"line":4,"column":101},"end":{"line":4,"column":143}},"type":"cond-expr","locations":[{"start":{"line":4,"column":109},"end":{"line":4,"column":126}},{"start":{"line":4,"column":129},"end":{"line":4,"column":143}}],"line":4},"9":{"loc":{"start":{"line":5,"column":11},"end":{"line":5,"column":62}},"type":"binary-expr","locations":[{"start":{"line":5,"column":11},"end":{"line":5,"column":16}},{"start":{"line":5,"column":20},"end":{"line":5,"column":21}},{"start":{"line":5,"column":25},"end":{"line":5,"column":62}}],"line":5},"10":{"loc":{"start":{"line":7,"column":17},"end":{"line":9,"column":1}},"type":"binary-expr","locations":[{"start":{"line":7,"column":18},"end":{"line":7,"column":22}},{"start":{"line":7,"column":26},"end":{"line":7,"column":41}},{"start":{"line":7,"column":46},"end":{"line":9,"column":1}}],"line":7},"11":{"loc":{"start":{"line":8,"column":4},"end":{"line":8,"column":109}},"type":"if","locations":[{"start":{"line":8,"column":4},"end":{"line":8,"column":109}},{"start":{"line":8,"column":4},"end":{"line":8,"column":109}}],"line":8},"12":{"loc":{"start":{"line":8,"column":8},"end":{"line":8,"column":77}},"type":"binary-expr","locations":[{"start":{"line":8,"column":8},"end":{"line":8,"column":35}},{"start":{"line":8,"column":39},"end":{"line":8,"column":77}}],"line":8}},"s":{"0":3,"1":3,"2":3,"3":3,"4":3,"5":0,"6":0,"7":0,"8":3,"9":3,"10":3,"11":3,"12":3,"13":1,"14":1,"15":1,"16":1,"17":0,"18":0,"19":1,"20":0,"21":1,"22":0,"23":1,"24":0,"25":1,"26":0,"27":3},"f":{"0":3,"1":3,"2":1,"3":1,"4":1,"5":0,"6":0,"7":0,"8":0,"9":0,"10":0},"b":{"0":[3,0,3],"1":[3,0],"2":[0,0],"3":[3,0],"4":[3,3],"5":[0,0],"6":[0,0],"7":[0,0],"8":[0,0],"9":[3,0,0],"10":[3,0,3],"11":[3,0],"12":[3,3]},"inputSourceMap":{"version":3,"file":"mapper.service.js","sourceRoot":"","sources":["mapper.service.ts"],"names":[],"mappings":";;;;;;;;;;AAAA,OAAO,EAAE,UAAU,EAAE,MAAM,gBAAgB,CAAC;AAC5C,OAAO,+BAA+B,CAAC;AAGvC,IAAa,aAAa,qBAA1B;IAII;QACI,IAAI,CAAC,MAAM,GAAG,UAAU,CAAC;QACzB,IAAI,CAAC,gBAAgB,EAAE,CAAC;IAC5B,CAAC;IAEO,gBAAgB;QACpB,IAAI,CAAC,MAAM,CAAC,UAAU,CAAC,eAAa,CAAC,SAAS,CAAC,CAAC;IACpD,CAAC;IAEO,MAAM,CAAC,SAAS,CAAC,MAAmC;QACxD,MAAM,CAAC,SAAS,CAAC,MAAM,EAAE,QAAQ,CAAC;aACjC,eAAe,CAAC,KAAK,EAAE,IAAI,CAAC,EAAE,CAAC,IAAI,CAAC,MAAM,EAAE,CAAC;aAC7C,eAAe,CAAC,UAAU,EAAE,IAAI,CAAC,EAAE,CAAC,IAAI,CAAC,MAAM,EAAE,CAAC,CAAC;QAEpD,MAAM,CAAC,SAAS,CAAC,OAAO,EAAE,SAAS,CAAC,CAAC,eAAe,CAAC,KAAK,EAAE,IAAI,CAAC,EAAE,CAAC,IAAI,CAAC,MAAM,EAAE,CAAC,CAAC;QACnF,MAAM,CAAC,SAAS,CAAC,SAAS,EAAE,WAAW,CAAC,CAAC,eAAe,CAAC,KAAK,EAAE,IAAI,CAAC,EAAE,CAAC,IAAI,CAAC,MAAM,EAAE,CAAC,CAAC;QACvF,MAAM,CAAC,SAAS,CAAC,MAAM,EAAE,QAAQ,CAAC,CAAC,eAAe,CAAC,KAAK,EAAE,IAAI,CAAC,EAAE,CAAC,IAAI,CAAC,MAAM,EAAE,CAAC,CAAC;QACjF,MAAM,CAAC,SAAS,CAAC,QAAQ,EAAE,UAAU,CAAC,CAAC,eAAe,CAAC,KAAK,EAAE,IAAI,CAAC,EAAE,CAAC,IAAI,CAAC,MAAM,EAAE,CAAC,CAAC;IACzF,CAAC;CACJ,CAAA;AAvBY,aAAa;IADzB,UAAU,EAAE;;GACA,aAAa,CAuBzB;SAvBY,aAAa","sourcesContent":["import { Injectable } from '@nestjs/common';\nimport 'automapper-ts/dist/automapper';\n\n@Injectable()\nexport class MapperService {\n\n    mapper: AutoMapperJs.AutoMapper;\n\n    constructor(){\n        this.mapper = automapper;\n        this.initializeMapper();\n    }\n\n    private initializeMapper(): void {\n        this.mapper.initialize(MapperService.configure);\n    }\n\n    private static configure(Config: AutoMapperJs.IConfiguration): void {\n        Config.createMap('User', 'UserVm')\n        .forSourceMember('_id', opts => opts.ignore())\n        .forSourceMember('password', opts => opts.ignore());\n\n        Config.createMap('Users', 'UsersVm').forSourceMember('_id', opts => opts.ignore());\n        Config.createMap('Users[]', 'UsersVm[]').forSourceMember('_id', opts => opts.ignore());\n        Config.createMap('Note', 'NoteVm').forSourceMember('_id', opts => opts.ignore());\n        Config.createMap('Note[]', 'NoteVm[]').forSourceMember('_id', opts => opts.ignore());\n    } \n}\n"]},"_coverageSchema":"332fd63041d2c1bcb487cc26dd0d5f7d97098a6c","hash":"1fa9dfe105ffe3530305a641e7d9c44af6f7568d"}
,"C:\\Users\\Usuario\\nestjs-workshop-2018\\src\\users\\users.service.ts": {"path":"C:\\Users\\Usuario\\nestjs-workshop-2018\\src\\users\\users.service.ts","statementMap":{"0":{"start":{"line":1,"column":17},"end":{"line":6,"column":1}},"1":{"start":{"line":2,"column":12},"end":{"line":2,"column":28}},"2":{"start":{"line":2,"column":34},"end":{"line":2,"column":125}},"3":{"start":{"line":3,"column":4},"end":{"line":4,"column":150}},"4":{"start":{"line":3,"column":79},"end":{"line":3,"column":131}},"5":{"start":{"line":4,"column":9},"end":{"line":4,"column":150}},"6":{"start":{"line":4,"column":58},"end":{"line":4,"column":150}},"7":{"start":{"line":4,"column":81},"end":{"line":4,"column":150}},"8":{"start":{"line":5,"column":4},"end":{"line":5,"column":66}},"9":{"start":{"line":7,"column":17},"end":{"line":9,"column":1}},"10":{"start":{"line":8,"column":4},"end":{"line":8,"column":109}},"11":{"start":{"line":8,"column":79},"end":{"line":8,"column":109}},"12":{"start":{"line":10,"column":14},"end":{"line":12,"column":1}},"13":{"start":{"line":11,"column":4},"end":{"line":11,"column":73}},"14":{"start":{"line":11,"column":36},"end":{"line":11,"column":71}},"15":{"start":{"line":13,"column":16},"end":{"line":20,"column":1}},"16":{"start":{"line":14,"column":4},"end":{"line":19,"column":7}},"17":{"start":{"line":15,"column":36},"end":{"line":15,"column":97}},"18":{"start":{"line":15,"column":42},"end":{"line":15,"column":70}},"19":{"start":{"line":15,"column":85},"end":{"line":15,"column":95}},"20":{"start":{"line":16,"column":35},"end":{"line":16,"column":100}},"21":{"start":{"line":16,"column":41},"end":{"line":16,"column":73}},"22":{"start":{"line":16,"column":88},"end":{"line":16,"column":98}},"23":{"start":{"line":17,"column":32},"end":{"line":17,"column":149}},"24":{"start":{"line":17,"column":97},"end":{"line":17,"column":119}},"25":{"start":{"line":18,"column":8},"end":{"line":18,"column":78}},"26":{"start":{"line":28,"column":19},"end":{"line":52,"column":1}},"27":{"start":{"line":30,"column":8},"end":{"line":30,"column":16}},"28":{"start":{"line":31,"column":8},"end":{"line":31,"column":39}},"29":{"start":{"line":32,"column":8},"end":{"line":32,"column":45}},"30":{"start":{"line":33,"column":8},"end":{"line":33,"column":34}},"31":{"start":{"line":34,"column":8},"end":{"line":34,"column":45}},"32":{"start":{"line":37,"column":8},"end":{"line":50,"column":11}},"33":{"start":{"line":38,"column":46},"end":{"line":38,"column":52}},"34":{"start":{"line":39,"column":28},"end":{"line":39,"column":45}},"35":{"start":{"line":40,"column":12},"end":{"line":40,"column":40}},"36":{"start":{"line":41,"column":12},"end":{"line":41,"column":32}},"37":{"start":{"line":42,"column":12},"end":{"line":42,"column":34}},"38":{"start":{"line":43,"column":12},"end":{"line":49,"column":13}},"39":{"start":{"line":44,"column":31},"end":{"line":44,"column":57}},"40":{"start":{"line":45,"column":16},"end":{"line":45,"column":39}},"41":{"start":{"line":48,"column":16},"end":{"line":48,"column":77}},"42":{"start":{"line":53,"column":0},"end":{"line":57,"column":17}}},"fnMap":{"0":{"name":"(anonymous_0)","decl":{"start":{"line":1,"column":46},"end":{"line":1,"column":47}},"loc":{"start":{"line":1,"column":87},"end":{"line":6,"column":1}},"line":1},"1":{"name":"(anonymous_1)","decl":{"start":{"line":7,"column":46},"end":{"line":7,"column":47}},"loc":{"start":{"line":7,"column":62},"end":{"line":9,"column":1}},"line":7},"2":{"name":"(anonymous_2)","decl":{"start":{"line":10,"column":40},"end":{"line":10,"column":41}},"loc":{"start":{"line":10,"column":73},"end":{"line":12,"column":1}},"line":10},"3":{"name":"(anonymous_3)","decl":{"start":{"line":11,"column":11},"end":{"line":11,"column":12}},"loc":{"start":{"line":11,"column":34},"end":{"line":11,"column":73}},"line":11},"4":{"name":"(anonymous_4)","decl":{"start":{"line":13,"column":44},"end":{"line":13,"column":45}},"loc":{"start":{"line":13,"column":89},"end":{"line":20,"column":1}},"line":13},"5":{"name":"(anonymous_5)","decl":{"start":{"line":14,"column":36},"end":{"line":14,"column":37}},"loc":{"start":{"line":14,"column":63},"end":{"line":19,"column":5}},"line":14},"6":{"name":"fulfilled","decl":{"start":{"line":15,"column":17},"end":{"line":15,"column":26}},"loc":{"start":{"line":15,"column":34},"end":{"line":15,"column":99}},"line":15},"7":{"name":"rejected","decl":{"start":{"line":16,"column":17},"end":{"line":16,"column":25}},"loc":{"start":{"line":16,"column":33},"end":{"line":16,"column":102}},"line":16},"8":{"name":"step","decl":{"start":{"line":17,"column":17},"end":{"line":17,"column":21}},"loc":{"start":{"line":17,"column":30},"end":{"line":17,"column":151}},"line":17},"9":{"name":"(anonymous_9)","decl":{"start":{"line":17,"column":76},"end":{"line":17,"column":77}},"loc":{"start":{"line":17,"column":95},"end":{"line":17,"column":121}},"line":17},"10":{"name":"(anonymous_10)","decl":{"start":{"line":29,"column":4},"end":{"line":29,"column":5}},"loc":{"start":{"line":29,"column":45},"end":{"line":35,"column":5}},"line":29},"11":{"name":"(anonymous_11)","decl":{"start":{"line":36,"column":4},"end":{"line":36,"column":5}},"loc":{"start":{"line":36,"column":23},"end":{"line":51,"column":5}},"line":36},"12":{"name":"(anonymous_12)","decl":{"start":{"line":37,"column":47},"end":{"line":37,"column":48}},"loc":{"start":{"line":37,"column":60},"end":{"line":50,"column":9}},"line":37}},"branchMap":{"0":{"loc":{"start":{"line":1,"column":17},"end":{"line":6,"column":1}},"type":"binary-expr","locations":[{"start":{"line":1,"column":18},"end":{"line":1,"column":22}},{"start":{"line":1,"column":26},"end":{"line":1,"column":41}},{"start":{"line":1,"column":46},"end":{"line":6,"column":1}}],"line":1},"1":{"loc":{"start":{"line":2,"column":34},"end":{"line":2,"column":125}},"type":"cond-expr","locations":[{"start":{"line":2,"column":42},"end":{"line":2,"column":48}},{"start":{"line":2,"column":51},"end":{"line":2,"column":125}}],"line":2},"2":{"loc":{"start":{"line":2,"column":51},"end":{"line":2,"column":125}},"type":"cond-expr","locations":[{"start":{"line":2,"column":67},"end":{"line":2,"column":118}},{"start":{"line":2,"column":121},"end":{"line":2,"column":125}}],"line":2},"3":{"loc":{"start":{"line":3,"column":4},"end":{"line":4,"column":150}},"type":"if","locations":[{"start":{"line":3,"column":4},"end":{"line":4,"column":150}},{"start":{"line":3,"column":4},"end":{"line":4,"column":150}}],"line":3},"4":{"loc":{"start":{"line":3,"column":8},"end":{"line":3,"column":77}},"type":"binary-expr","locations":[{"start":{"line":3,"column":8},"end":{"line":3,"column":35}},{"start":{"line":3,"column":39},"end":{"line":3,"column":77}}],"line":3},"5":{"loc":{"start":{"line":4,"column":58},"end":{"line":4,"column":150}},"type":"if","locations":[{"start":{"line":4,"column":58},"end":{"line":4,"column":150}},{"start":{"line":4,"column":58},"end":{"line":4,"column":150}}],"line":4},"6":{"loc":{"start":{"line":4,"column":85},"end":{"line":4,"column":149}},"type":"binary-expr","locations":[{"start":{"line":4,"column":86},"end":{"line":4,"column":143}},{"start":{"line":4,"column":148},"end":{"line":4,"column":149}}],"line":4},"7":{"loc":{"start":{"line":4,"column":86},"end":{"line":4,"column":143}},"type":"cond-expr","locations":[{"start":{"line":4,"column":94},"end":{"line":4,"column":98}},{"start":{"line":4,"column":101},"end":{"line":4,"column":143}}],"line":4},"8":{"loc":{"start":{"line":4,"column":101},"end":{"line":4,"column":143}},"type":"cond-expr","locations":[{"start":{"line":4,"column":109},"end":{"line":4,"column":126}},{"start":{"line":4,"column":129},"end":{"line":4,"column":143}}],"line":4},"9":{"loc":{"start":{"line":5,"column":11},"end":{"line":5,"column":62}},"type":"binary-expr","locations":[{"start":{"line":5,"column":11},"end":{"line":5,"column":16}},{"start":{"line":5,"column":20},"end":{"line":5,"column":21}},{"start":{"line":5,"column":25},"end":{"line":5,"column":62}}],"line":5},"10":{"loc":{"start":{"line":7,"column":17},"end":{"line":9,"column":1}},"type":"binary-expr","locations":[{"start":{"line":7,"column":18},"end":{"line":7,"column":22}},{"start":{"line":7,"column":26},"end":{"line":7,"column":41}},{"start":{"line":7,"column":46},"end":{"line":9,"column":1}}],"line":7},"11":{"loc":{"start":{"line":8,"column":4},"end":{"line":8,"column":109}},"type":"if","locations":[{"start":{"line":8,"column":4},"end":{"line":8,"column":109}},{"start":{"line":8,"column":4},"end":{"line":8,"column":109}}],"line":8},"12":{"loc":{"start":{"line":8,"column":8},"end":{"line":8,"column":77}},"type":"binary-expr","locations":[{"start":{"line":8,"column":8},"end":{"line":8,"column":35}},{"start":{"line":8,"column":39},"end":{"line":8,"column":77}}],"line":8},"13":{"loc":{"start":{"line":10,"column":14},"end":{"line":12,"column":1}},"type":"binary-expr","locations":[{"start":{"line":10,"column":15},"end":{"line":10,"column":19}},{"start":{"line":10,"column":23},"end":{"line":10,"column":35}},{"start":{"line":10,"column":40},"end":{"line":12,"column":1}}],"line":10},"14":{"loc":{"start":{"line":13,"column":16},"end":{"line":20,"column":1}},"type":"binary-expr","locations":[{"start":{"line":13,"column":17},"end":{"line":13,"column":21}},{"start":{"line":13,"column":25},"end":{"line":13,"column":39}},{"start":{"line":13,"column":44},"end":{"line":20,"column":1}}],"line":13},"15":{"loc":{"start":{"line":14,"column":16},"end":{"line":14,"column":34}},"type":"binary-expr","locations":[{"start":{"line":14,"column":16},"end":{"line":14,"column":17}},{"start":{"line":14,"column":22},"end":{"line":14,"column":33}}],"line":14},"16":{"loc":{"start":{"line":17,"column":32},"end":{"line":17,"column":148}},"type":"cond-expr","locations":[{"start":{"line":17,"column":46},"end":{"line":17,"column":67}},{"start":{"line":17,"column":70},"end":{"line":17,"column":148}}],"line":17},"17":{"loc":{"start":{"line":18,"column":51},"end":{"line":18,"column":67}},"type":"binary-expr","locations":[{"start":{"line":18,"column":51},"end":{"line":18,"column":61}},{"start":{"line":18,"column":65},"end":{"line":18,"column":67}}],"line":18},"18":{"loc":{"start":{"line":56,"column":37},"end":{"line":56,"column":127}},"type":"binary-expr","locations":[{"start":{"line":56,"column":37},"end":{"line":56,"column":111}},{"start":{"line":56,"column":115},"end":{"line":56,"column":117}},{"start":{"line":56,"column":121},"end":{"line":56,"column":127}}],"line":56},"19":{"loc":{"start":{"line":56,"column":50},"end":{"line":56,"column":95}},"type":"binary-expr","locations":[{"start":{"line":56,"column":50},"end":{"line":56,"column":82}},{"start":{"line":56,"column":86},"end":{"line":56,"column":95}}],"line":56},"20":{"loc":{"start":{"line":56,"column":129},"end":{"line":56,"column":227}},"type":"binary-expr","locations":[{"start":{"line":56,"column":129},"end":{"line":56,"column":211}},{"start":{"line":56,"column":215},"end":{"line":56,"column":217}},{"start":{"line":56,"column":221},"end":{"line":56,"column":227}}],"line":56},"21":{"loc":{"start":{"line":56,"column":142},"end":{"line":56,"column":195}},"type":"binary-expr","locations":[{"start":{"line":56,"column":142},"end":{"line":56,"column":178}},{"start":{"line":56,"column":182},"end":{"line":56,"column":195}}],"line":56}},"s":{"0":1,"1":1,"2":1,"3":1,"4":1,"5":0,"6":0,"7":0,"8":1,"9":1,"10":1,"11":1,"12":1,"13":1,"14":1,"15":1,"16":0,"17":0,"18":0,"19":0,"20":0,"21":0,"22":0,"23":0,"24":0,"25":0,"26":1,"27":0,"28":0,"29":0,"30":0,"31":0,"32":0,"33":0,"34":0,"35":0,"36":0,"37":0,"38":0,"39":0,"40":0,"41":0,"42":1},"f":{"0":1,"1":1,"2":1,"3":1,"4":0,"5":0,"6":0,"7":0,"8":0,"9":0,"10":0,"11":0,"12":0},"b":{"0":[1,0,1],"1":[1,0],"2":[0,0],"3":[1,0],"4":[1,1],"5":[0,0],"6":[0,0],"7":[0,0],"8":[0,0],"9":[1,0,0],"10":[1,0,1],"11":[1,0],"12":[1,1],"13":[1,0,1],"14":[1,0,1],"15":[0,0],"16":[0,0],"17":[0,0],"18":[1,0,1],"19":[1,0],"20":[1,1,0],"21":[1,1]},"inputSourceMap":{"version":3,"file":"users.service.js","sourceRoot":"","sources":["users.service.ts"],"names":[],"mappings":";;;;;;;;;;;;;;;;;;;;;AAAA,OAAO,EAAE,UAAU,EAAc,aAAa,EAAE,UAAU,EAAE,MAAM,gBAAgB,CAAC;AACnF,OAAO,EAAE,WAAW,EAAE,MAAM,wBAAwB,CAAC;AACrD,OAAO,EAAE,WAAW,EAAE,MAAM,kBAAkB,CAAC;AAC/C,OAAO,EAAE,KAAK,EAAE,MAAM,sBAAsB,CAAC;AAC7C,OAAO,EAAE,SAAS,EAAE,MAAM,WAAW,CAAC;AACtC,OAAO,EAAE,aAAa,EAAE,MAAM,iCAAiC,CAAC;AAKhE,IAAa,YAAY,GAAzB,kBAA0B,SAAQ,WAAkB;IAChD,YAA2D,WAA6B,EAAmB,cAA6B;QACpI,KAAK,EAAE,CAAC;QAD+C,gBAAW,GAAX,WAAW,CAAkB;QAAmB,mBAAc,GAAd,cAAc,CAAe;QAEpI,IAAI,CAAC,MAAM,GAAG,WAAW,CAAC;QAC1B,IAAI,CAAC,OAAO,GAAG,cAAc,CAAC,MAAM,CAAC;IACzC,CAAC;IAEK,UAAU,CAAC,MAAmB;;YAChC,MAAM,EAAC,QAAQ,EAAE,IAAI,EAAE,KAAK,EAAC,GAAG,MAAM,CAAC;YAGvC,MAAM,OAAO,GAAG,IAAI,IAAI,CAAC,MAAM,EAAE,CAAC;YAElC,OAAO,CAAC,QAAQ,GAAG,QAAQ,CAAC;YAC5B,OAAO,CAAC,IAAI,GAAG,IAAI,CAAC;YACpB,OAAO,CAAC,KAAK,GAAG,KAAK,CAAC;YAEtB,IAAI;gBACA,MAAM,MAAM,GAAG,MAAM,IAAI,CAAC,MAAM,CAAC,OAAO,CAAC,CAAC;gBAC1C,OAAO,MAAM,CAAC,MAAM,EAAW,CAAC;aACnC;YAAA,OAAM,CAAC,EAAC;gBACL,MAAM,IAAI,aAAa,CAAC,CAAC,EAAE,UAAU,CAAC,qBAAqB,CAAC,CAAC;aAChE;QACL,CAAC;KAAA;CACJ,CAAA;AAxBY,YAAY;IADxB,UAAU,EAAE;IAEI,WAAA,WAAW,CAAC,KAAK,CAAC,SAAS,CAAC,CAAA;yDAA+B,SAAS,oBAAT,SAAS,sDAA0C,aAAa,oBAAb,aAAa;GAD/H,YAAY,CAwBxB;SAxBY,YAAY","sourcesContent":["import { Injectable, Controller, HttpException, HttpStatus } from '@nestjs/common';\nimport { BaseService } from '../shared/base.service';\nimport { InjectModel } from '@nestjs/mongoose';\nimport { Users } from './models/users.model';\nimport { ModelType } from 'typegoose';\nimport { MapperService } from '../shared/mapper/mapper.service';\nimport { UsersParams } from './models/view-models/users-param.model';\n\n\n@Injectable()\nexport class UsersService extends BaseService<Users> {\n    constructor(@InjectModel(Users.modelName) private readonly _usersModel: ModelType<Users>, private readonly _mapperService: MapperService,) {\n        super();\n        this._model = _usersModel;\n        this._mapper = _mapperService.mapper;\n    }\n\n    async createUser(params: UsersParams): Promise<Users> {\n        const {username, name, notes} = params;\n        \n        \n        const newUser = new this._model();\n\n        newUser.username = username;\n        newUser.name = name;       \n        newUser.notes = notes;\n\n        try {\n            const result = await this.create(newUser);\n            return result.toJSON() as Users;\n        }catch(e){\n            throw new HttpException(e, HttpStatus.INTERNAL_SERVER_ERROR);\n        }\n    }\n}\n"]},"_coverageSchema":"332fd63041d2c1bcb487cc26dd0d5f7d97098a6c","hash":"5546c15d54f26462c390140df77d6a0234dbd466"}
,"C:\\Users\\Usuario\\nestjs-workshop-2018\\src\\users\\models\\users.model.ts": {"path":"C:\\Users\\Usuario\\nestjs-workshop-2018\\src\\users\\models\\users.model.ts","statementMap":{"0":{"start":{"line":1,"column":17},"end":{"line":6,"column":1}},"1":{"start":{"line":2,"column":12},"end":{"line":2,"column":28}},"2":{"start":{"line":2,"column":34},"end":{"line":2,"column":125}},"3":{"start":{"line":3,"column":4},"end":{"line":4,"column":150}},"4":{"start":{"line":3,"column":79},"end":{"line":3,"column":131}},"5":{"start":{"line":4,"column":9},"end":{"line":4,"column":150}},"6":{"start":{"line":4,"column":58},"end":{"line":4,"column":150}},"7":{"start":{"line":4,"column":81},"end":{"line":4,"column":150}},"8":{"start":{"line":5,"column":4},"end":{"line":5,"column":66}},"9":{"start":{"line":7,"column":17},"end":{"line":9,"column":1}},"10":{"start":{"line":8,"column":4},"end":{"line":8,"column":109}},"11":{"start":{"line":8,"column":79},"end":{"line":8,"column":109}},"12":{"start":{"line":14,"column":8},"end":{"line":14,"column":70}},"13":{"start":{"line":17,"column":8},"end":{"line":17,"column":36}},"14":{"start":{"line":20,"column":0},"end":{"line":23,"column":40}},"15":{"start":{"line":24,"column":0},"end":{"line":27,"column":36}},"16":{"start":{"line":28,"column":0},"end":{"line":31,"column":37}},"17":{"start":{"line":32,"column":0},"end":{"line":35,"column":43}}},"fnMap":{"0":{"name":"(anonymous_0)","decl":{"start":{"line":1,"column":46},"end":{"line":1,"column":47}},"loc":{"start":{"line":1,"column":87},"end":{"line":6,"column":1}},"line":1},"1":{"name":"(anonymous_1)","decl":{"start":{"line":7,"column":46},"end":{"line":7,"column":47}},"loc":{"start":{"line":7,"column":62},"end":{"line":9,"column":1}},"line":7},"2":{"name":"(anonymous_2)","decl":{"start":{"line":13,"column":4},"end":{"line":13,"column":5}},"loc":{"start":{"line":13,"column":23},"end":{"line":15,"column":5}},"line":13},"3":{"name":"(anonymous_3)","decl":{"start":{"line":16,"column":4},"end":{"line":16,"column":5}},"loc":{"start":{"line":16,"column":27},"end":{"line":18,"column":5}},"line":16}},"branchMap":{"0":{"loc":{"start":{"line":1,"column":17},"end":{"line":6,"column":1}},"type":"binary-expr","locations":[{"start":{"line":1,"column":18},"end":{"line":1,"column":22}},{"start":{"line":1,"column":26},"end":{"line":1,"column":41}},{"start":{"line":1,"column":46},"end":{"line":6,"column":1}}],"line":1},"1":{"loc":{"start":{"line":2,"column":34},"end":{"line":2,"column":125}},"type":"cond-expr","locations":[{"start":{"line":2,"column":42},"end":{"line":2,"column":48}},{"start":{"line":2,"column":51},"end":{"line":2,"column":125}}],"line":2},"2":{"loc":{"start":{"line":2,"column":51},"end":{"line":2,"column":125}},"type":"cond-expr","locations":[{"start":{"line":2,"column":67},"end":{"line":2,"column":118}},{"start":{"line":2,"column":121},"end":{"line":2,"column":125}}],"line":2},"3":{"loc":{"start":{"line":3,"column":4},"end":{"line":4,"column":150}},"type":"if","locations":[{"start":{"line":3,"column":4},"end":{"line":4,"column":150}},{"start":{"line":3,"column":4},"end":{"line":4,"column":150}}],"line":3},"4":{"loc":{"start":{"line":3,"column":8},"end":{"line":3,"column":77}},"type":"binary-expr","locations":[{"start":{"line":3,"column":8},"end":{"line":3,"column":35}},{"start":{"line":3,"column":39},"end":{"line":3,"column":77}}],"line":3},"5":{"loc":{"start":{"line":4,"column":58},"end":{"line":4,"column":150}},"type":"if","locations":[{"start":{"line":4,"column":58},"end":{"line":4,"column":150}},{"start":{"line":4,"column":58},"end":{"line":4,"column":150}}],"line":4},"6":{"loc":{"start":{"line":4,"column":85},"end":{"line":4,"column":149}},"type":"binary-expr","locations":[{"start":{"line":4,"column":86},"end":{"line":4,"column":143}},{"start":{"line":4,"column":148},"end":{"line":4,"column":149}}],"line":4},"7":{"loc":{"start":{"line":4,"column":86},"end":{"line":4,"column":143}},"type":"cond-expr","locations":[{"start":{"line":4,"column":94},"end":{"line":4,"column":98}},{"start":{"line":4,"column":101},"end":{"line":4,"column":143}}],"line":4},"8":{"loc":{"start":{"line":4,"column":101},"end":{"line":4,"column":143}},"type":"cond-expr","locations":[{"start":{"line":4,"column":109},"end":{"line":4,"column":126}},{"start":{"line":4,"column":129},"end":{"line":4,"column":143}}],"line":4},"9":{"loc":{"start":{"line":5,"column":11},"end":{"line":5,"column":62}},"type":"binary-expr","locations":[{"start":{"line":5,"column":11},"end":{"line":5,"column":16}},{"start":{"line":5,"column":20},"end":{"line":5,"column":21}},{"start":{"line":5,"column":25},"end":{"line":5,"column":62}}],"line":5},"10":{"loc":{"start":{"line":7,"column":17},"end":{"line":9,"column":1}},"type":"binary-expr","locations":[{"start":{"line":7,"column":18},"end":{"line":7,"column":22}},{"start":{"line":7,"column":26},"end":{"line":7,"column":41}},{"start":{"line":7,"column":46},"end":{"line":9,"column":1}}],"line":7},"11":{"loc":{"start":{"line":8,"column":4},"end":{"line":8,"column":109}},"type":"if","locations":[{"start":{"line":8,"column":4},"end":{"line":8,"column":109}},{"start":{"line":8,"column":4},"end":{"line":8,"column":109}}],"line":8},"12":{"loc":{"start":{"line":8,"column":8},"end":{"line":8,"column":77}},"type":"binary-expr","locations":[{"start":{"line":8,"column":8},"end":{"line":8,"column":35}},{"start":{"line":8,"column":39},"end":{"line":8,"column":77}}],"line":8}},"s":{"0":1,"1":4,"2":4,"3":4,"4":4,"5":0,"6":0,"7":0,"8":4,"9":1,"10":4,"11":4,"12":1,"13":1,"14":1,"15":1,"16":1,"17":1},"f":{"0":4,"1":4,"2":1,"3":1},"b":{"0":[1,0,1],"1":[0,4],"2":[0,4],"3":[4,0],"4":[4,4],"5":[0,0],"6":[0,0],"7":[0,0],"8":[0,0],"9":[4,4,0],"10":[1,0,1],"11":[4,0],"12":[4,4]},"inputSourceMap":{"version":3,"file":"users.model.js","sourceRoot":"","sources":["users.model.ts"],"names":[],"mappings":";;;;;;;;;AAAA,OAAO,EAAE,SAAS,EAAE,aAAa,EAAE,MAAM,yBAAyB,CAAC;AACnE,OAAO,EAAE,IAAI,EAAa,MAAM,WAAW,CAAC;AAE5C,MAAM,YAAa,SAAQ,SAAgB;IAUvC,MAAM,KAAK,KAAK;QACZ,OAAO,IAAI,KAAK,EAAE,CAAC,gBAAgB,CAAC,KAAK,EAAE,EAAE,aAAa,EAAE,CAAC,CAAC;IAClE,CAAC;IAED,MAAM,KAAK,SAAS;QAChB,OAAO,IAAI,CAAC,KAAK,CAAC,SAAS,CAAC;IAChC,CAAC;CACJ;AAfG;IADC,IAAI,CAAC,EAAC,QAAQ,EAAE,CAAC,IAAI,EAAE,sBAAsB,CAAC,EAAC,CAAC;;uCAChC;AAEjB;IADC,IAAI,CAAC,EAAC,QAAQ,EAAE,CAAC,IAAI,EAAE,kBAAkB,CAAC,EAAC,CAAC;;mCAChC;AAEb;IADC,IAAI,CAAC,EAAC,QAAQ,EAAE,CAAC,IAAI,EAAE,oBAAoB,CAAC,EAAC,CAAC;;oCACjC;AAEd;IADC,IAAI,CAAC,EAAC,OAAO,EAAE,KAAK,EAAC,CAAC;;0CACF","sourcesContent":["import { BaseModel, schemaOptions } from \"../../shared/base.model\";\r\nimport { prop, ModelType } from \"typegoose\";\r\n\r\nexport class Users extends BaseModel<Users> {\r\n    @prop({required: [true, 'Username is required']})\r\n    username: string;\r\n    @prop({required: [true, 'Name is required']})\r\n    name: string;\r\n    @prop({required: [true, 'Notes are required']})\r\n    notes: string;\r\n    @prop({default: false})\r\n    isCompleted: boolean;   \r\n\r\n    static get model(): ModelType<Users>{\r\n        return new Users().getModelForClass(Users, { schemaOptions });\r\n    }\r\n\r\n    static get modelName(): string {\r\n        return this.model.modelName;\r\n    } \r\n}"]},"_coverageSchema":"332fd63041d2c1bcb487cc26dd0d5f7d97098a6c","hash":"7f7876b35d437e8c74feddd180e6abe9eaadeddf"}
}
